[35m[Appium][39m Welcome to Appium v2.5.0
[35m[Appium][39m Non-default server args:
[35m[Appium][39m { basePath: [32m'/wd/hub'[39m, loglevel: [32m'info'[39m, port: [33m14362[39m }
[35m[Appium][39m Attempting to load driver uiautomator2...
[35m[Appium][39m Appium REST http interface listener started on http://0.0.0.0:14362/wd/hub
[35m[Appium][39m You can provide the following URLs in your client code to connect to this server:
[35m[Appium][39m 	http://192.168.0.104:14362/wd/hub
[35m[Appium][39m 	http://127.0.0.1:14362/wd/hub (only accessible from the same host)
[35m[Appium][39m Available drivers:
[35m[Appium][39m   - uiautomator2@3.0.0 (automationName 'UiAutomator2')
[35m[Appium][39m No plugins have been installed. Use the "appium plugin" command to install the one(s) you want to use.
[38;5;0m[HTTP][0m [37m-->[39m [37mGET[39m [37m/wd/hub/status[39m
[38;5;0m[HTTP][0m [90m{}[39m
[38;5;0m[HTTP][0m [37m<-- GET /wd/hub/status [39m[32m200[39m [90m4 ms - 110[39m
[38;5;0m[HTTP][0m [90m[39m
[38;5;0m[HTTP][0m [37m-->[39m [37mPOST[39m [37m/wd/hub/session[39m
[38;5;0m[HTTP][0m [90m{"desiredCapabilities":{"appium:systemPort":14361,"appium:newCommandTimeout":1800,"appium:automationName":"uiautomator2","appium:fullReset":true,"appium:platformVersion":"13","appium:noReset":false,"appium:udid":"DQROLNJZNNVKEUDI","appium:autoGrantPermissions":true,"appium:platformName":"ANDROID","appium:deviceName":"realme RMX3572 (Android 13)","platformName":"Android","appium:app":"C:\\Users\\skyne\\Documents\\1. BRI\\Bootcampt\\Automation\\Shop\\Advantage+demo+3.2.apk"},"capabilities":{"firstMatch":[{"appium:app":"C:\\Users\\skyne\\Documents\\1. BRI\\Bootcampt\\Automation\\Shop\\Advantage+demo+3.2.apk","appium:autoGrantPermissions":true,"appium:automationName":"uiautomator2","appium:deviceName":"realme RMX3572 (Android 13)","appium:fullReset":true,"appium:newCommandTimeout":1800,"appium:noReset":false,"appium:platformName":"ANDROID","appium:platformVersion":"13","appium:systemPort":14361,"appium:udid":"DQROLNJZNNVKEUDI","platformName":"android"}]}}[39m
[38;5;32m[BaseDriver][0m Ignoring capability 'appium:platformName=ANDROID' and using capability 'platformName=android'
[38;5;32m[BaseDriver][0m The capabilities ["platformName"] are standard capabilities and do not require "appium:" prefix
[35m[Appium][39m Attempting to find matching driver for automationName 'uiautomator2' and platformName 'android'
[35m[Appium][39m The 'uiautomator2' driver was installed and matched caps.
[35m[Appium][39m Will require it at C:\Users\skyne\.appium\node_modules\appium-uiautomator2-driver
[38;5;16m[AppiumDriver@3d76][0m Appium v2.5.0 creating new AndroidUiautomator2Driver (v3.0.0) session
[38;5;16m[AppiumDriver@3d76][0m Checking BaseDriver versions for Appium and AndroidUiautomator2Driver
[38;5;16m[AppiumDriver@3d76][0m Appium's BaseDriver version is 9.5.1
[38;5;16m[AppiumDriver@3d76][0m AndroidUiautomator2Driver's BaseDriver version is 9.5.1
[38;5;48m[AndroidUiautomator2Driver@ce74 (8fe89ea1)][0m Session created with session id: 8fe89ea1-bc23-408e-a33f-812213f11862
[38;5;64m[ADB][0m Found 1 'build-tools' folders under 'C:\Users\skyne\.katalon\tools\android_sdk' (newest first):
[38;5;64m[ADB][0m     C:\Users\skyne\.katalon\tools\android_sdk\build-tools\29.0.3
[38;5;64m[ADB][0m Using 'adb.exe' from 'C:\Users\skyne\.katalon\tools\android_sdk\platform-tools\adb.exe'
[38;5;48m[AndroidUiautomator2Driver@ce74 (8fe89ea1)][0m Retrieving device list
[38;5;48m[AndroidUiautomator2Driver@ce74 (8fe89ea1)][0m Using device: DQROLNJZNNVKEUDI
[38;5;64m[ADB][0m Using 'adb.exe' from 'C:\Users\skyne\.katalon\tools\android_sdk\platform-tools\adb.exe'
[38;5;32m[BaseDriver][0m Using local app 'C:\Users\skyne\Documents\1. BRI\Bootcampt\Automation\Shop\Advantage+demo+3.2.apk'
[38;5;64m[ADB][0m Getting device platform version
[38;5;48m[AndroidUiautomator2Driver@ce74 (8fe89ea1)][0m Relaxing hidden api policy
[38;5;64m[ADB][0m Package name: 'com.Advantage.aShopping'
[38;5;64m[ADB][0m Main activity name: 'com.Advantage.aShopping.SplashActivity'
[38;5;64m[ADB][0m Using 'apksigner.jar' from 'C:\Users\skyne\.katalon\tools\android_sdk\build-tools\29.0.3\lib\apksigner.jar'
[38;5;64m[ADB][0m 'C:\Users\skyne\.appium\node_modules\appium-uiautomator2-driver\node_modules\appium-uiautomator2-server\apks\appium-uiautomator2-server-debug-androidTest.apk' is signed with the default certificate
[38;5;64m[ADB][0m 'C:\Users\skyne\Documents\1. BRI\Bootcampt\Automation\Shop\Advantage+demo+3.2.apk' is signed with a non-default certificate
[38;5;64m[ADB][0m com.Advantage.aShopping was not uninstalled, because it was not present on the device
[38;5;64m[ADB][0m The application at 'C:\Users\skyne\Documents\1. BRI\Bootcampt\Automation\Shop\Advantage+demo+3.2.apk' will not be cached, because the device under test has confirmed the support of streamed installs
[38;5;64m[ADB][0m 'C:\Users\skyne\.appium\node_modules\appium-uiautomator2-driver\node_modules\appium-uiautomator2-server\apks\appium-uiautomator2-server-v7.0.0.apk' is signed with the default certificate
[38;5;48m[AndroidUiautomator2Driver@ce74 (8fe89ea1)][0m Server packages are not going to be (re)installed
[38;5;64m[ADB][0m Adding packages ["io.appium.settings","io.appium.uiautomator2.server","io.appium.uiautomator2.server.test"] to Doze whitelist
[38;5;64m[ADB][0m The installation of 'Advantage+demo+3.2.apk' took 4292ms
[38;5;48m[AndroidUiautomator2Driver@ce74 (8fe89ea1)][0m Starting UIAutomator2 server 7.0.0
[38;5;48m[AndroidUiautomator2Driver@ce74 (8fe89ea1)][0m Using UIAutomator2 server from 'C:\Users\skyne\.appium\node_modules\appium-uiautomator2-driver\node_modules\appium-uiautomator2-server\apks\appium-uiautomator2-server-v7.0.0.apk' and test from 'C:\Users\skyne\.appium\node_modules\appium-uiautomator2-driver\node_modules\appium-uiautomator2-server\apks\appium-uiautomator2-server-debug-androidTest.apk'
[38;5;48m[AndroidUiautomator2Driver@ce74 (8fe89ea1)][0m Waiting up to 30000ms for UiAutomator2 to be online...
[38;5;48m[AndroidUiautomator2Driver@ce74 (8fe89ea1)][0m socket hang up
[38;5;48m[AndroidUiautomator2Driver@ce74 (8fe89ea1)][0m socket hang up
[38;5;48m[AndroidUiautomator2Driver@ce74 (8fe89ea1)][0m socket hang up
[38;5;48m[AndroidUiautomator2Driver@ce74 (8fe89ea1)][0m socket hang up
[38;5;48m[AndroidUiautomator2Driver@ce74 (8fe89ea1)][0m Determined the downstream protocol as 'W3C'
[38;5;48m[AndroidUiautomator2Driver@ce74 (8fe89ea1)][0m Screen already unlocked, doing nothing
[38;5;48m[AndroidUiautomator2Driver@ce74 (8fe89ea1)][0m Starting 'com.Advantage.aShopping/com.Advantage.aShopping.SplashActivity and waiting for 'com.Advantage.aShopping/com.Advantage.aShopping.SplashActivity'
[38;5;16m[AppiumDriver@3d76][0m New AndroidUiautomator2Driver session created successfully, session 8fe89ea1-bc23-408e-a33f-812213f11862 added to master session list
[38;5;0m[HTTP][0m [37m<-- POST /wd/hub/session [39m[32m200[39m [90m11606 ms - 1276[39m
[38;5;0m[HTTP][0m [90m[39m
[38;5;0m[HTTP][0m [37m-->[39m [37mGET[39m [37m/wd/hub/session/8fe89ea1-bc23-408e-a33f-812213f11862[39m
[38;5;0m[HTTP][0m [90m{}[39m
[38;5;0m[HTTP][0m [37m<-- GET /wd/hub/session/8fe89ea1-bc23-408e-a33f-812213f11862 [39m[32m200[39m [90m13 ms - 384[39m
[38;5;0m[HTTP][0m [90m[39m
[38;5;0m[HTTP][0m [37m-->[39m [37mGET[39m [37m/wd/hub/session/8fe89ea1-bc23-408e-a33f-812213f11862[39m
[38;5;0m[HTTP][0m [90m{}[39m
[38;5;0m[HTTP][0m [37m<-- GET /wd/hub/session/8fe89ea1-bc23-408e-a33f-812213f11862 [39m[32m200[39m [90m19 ms - 384[39m
[38;5;0m[HTTP][0m [90m[39m
[38;5;0m[HTTP][0m [37m-->[39m [37mGET[39m [37m/wd/hub/status[39m
[38;5;0m[HTTP][0m [90m{}[39m
[38;5;0m[HTTP][0m [37m<-- GET /wd/hub/status [39m[32m200[39m [90m1 ms - 110[39m
[38;5;0m[HTTP][0m [90m[39m
[38;5;0m[HTTP][0m [37m-->[39m [37mPOST[39m [37m/wd/hub/session/8fe89ea1-bc23-408e-a33f-812213f11862/timeouts[39m
[38;5;0m[HTTP][0m [90m{"implicit":30000}[39m
[38;5;0m[HTTP][0m [37m<-- POST /wd/hub/session/8fe89ea1-bc23-408e-a33f-812213f11862/timeouts [39m[32m200[39m [90m3 ms - 14[39m
[38;5;0m[HTTP][0m [90m[39m
[38;5;0m[HTTP][0m [37m-->[39m [37mGET[39m [37m/wd/hub/session/8fe89ea1-bc23-408e-a33f-812213f11862/appium/device/system_bars[39m
[38;5;0m[HTTP][0m [90m{}[39m
[38;5;0m[HTTP][0m [37m<-- GET /wd/hub/session/8fe89ea1-bc23-408e-a33f-812213f11862/appium/device/system_bars [39m[32m200[39m [90m69 ms - 151[39m
[38;5;0m[HTTP][0m [90m[39m
[38;5;0m[HTTP][0m [37m-->[39m [37mPOST[39m [37m/wd/hub/session/8fe89ea1-bc23-408e-a33f-812213f11862/timeouts[39m
[38;5;0m[HTTP][0m [90m{"implicit":50}[39m
[38;5;0m[HTTP][0m [37m<-- POST /wd/hub/session/8fe89ea1-bc23-408e-a33f-812213f11862/timeouts [39m[32m200[39m [90m2 ms - 14[39m
[38;5;0m[HTTP][0m [90m[39m
[38;5;0m[HTTP][0m [37m-->[39m [37mGET[39m [37m/wd/hub/session/8fe89ea1-bc23-408e-a33f-812213f11862/window/rect[39m
[38;5;0m[HTTP][0m [90m{}[39m
[38;5;0m[HTTP][0m [37m<-- GET /wd/hub/session/8fe89ea1-bc23-408e-a33f-812213f11862/window/rect [39m[32m200[39m [90m18 ms - 50[39m
[38;5;0m[HTTP][0m [90m[39m
[38;5;0m[HTTP][0m [37m-->[39m [37mPOST[39m [37m/wd/hub/session/8fe89ea1-bc23-408e-a33f-812213f11862/elements[39m
[38;5;0m[HTTP][0m [90m{"using":"xpath","value":"//*[@class = 'android.widget.ImageView' and @resource-id = 'com.Advantage.aShopping:id/imageViewMenu' and (@text = '' or . = '')]"}[39m
[38;5;0m[HTTP][0m [37m<-- POST /wd/hub/session/8fe89ea1-bc23-408e-a33f-812213f11862/elements [39m[32m200[39m [90m1065 ms - 139[39m
[38;5;0m[HTTP][0m [90m[39m
[38;5;0m[HTTP][0m [37m-->[39m [37mGET[39m [37m/wd/hub/session/8fe89ea1-bc23-408e-a33f-812213f11862/element/00000000-0000-0778-ffff-ffff00000018/location[39m
[38;5;0m[HTTP][0m [90m{}[39m
[38;5;48m[AndroidUiautomator2Driver@ce74 (8fe89ea1)][0m Driver proxy active, passing request on via HTTP proxy
[38;5;48m[AndroidUiautomator2Driver@ce74 (8fe89ea1)][0m Replacing sessionId 37184541-6c8d-41c6-9a12-da45df1b3d43 with 8fe89ea1-bc23-408e-a33f-812213f11862
[38;5;0m[HTTP][0m [37m<-- GET /wd/hub/session/8fe89ea1-bc23-408e-a33f-812213f11862/element/00000000-0000-0778-ffff-ffff00000018/location [39m[32m200[39m [90m405 ms - 75[39m
[38;5;0m[HTTP][0m [90m[39m
[38;5;0m[HTTP][0m [37m-->[39m [37mPOST[39m [37m/wd/hub/session/8fe89ea1-bc23-408e-a33f-812213f11862/timeouts[39m
[38;5;0m[HTTP][0m [90m{"implicit":30000}[39m
[38;5;0m[HTTP][0m [37m<-- POST /wd/hub/session/8fe89ea1-bc23-408e-a33f-812213f11862/timeouts [39m[32m200[39m [90m1 ms - 14[39m
[38;5;0m[HTTP][0m [90m[39m
[38;5;0m[HTTP][0m [37m-->[39m [37mPOST[39m [37m/wd/hub/session/8fe89ea1-bc23-408e-a33f-812213f11862/element/00000000-0000-0778-ffff-ffff00000018/click[39m
[38;5;0m[HTTP][0m [90m{"id":"00000000-0000-0778-ffff-ffff00000018"}[39m
[38;5;0m[HTTP][0m [37m<-- POST /wd/hub/session/8fe89ea1-bc23-408e-a33f-812213f11862/element/00000000-0000-0778-ffff-ffff00000018/click [39m[32m200[39m [90m1022 ms - 14[39m
[38;5;0m[HTTP][0m [90m[39m
[38;5;0m[HTTP][0m [37m-->[39m [37mPOST[39m [37m/wd/hub/session/8fe89ea1-bc23-408e-a33f-812213f11862/timeouts[39m
[38;5;0m[HTTP][0m [90m{"implicit":50}[39m
[38;5;0m[HTTP][0m [37m<-- POST /wd/hub/session/8fe89ea1-bc23-408e-a33f-812213f11862/timeouts [39m[32m200[39m [90m4 ms - 14[39m
[38;5;0m[HTTP][0m [90m[39m
[38;5;0m[HTTP][0m [37m-->[39m [37mGET[39m [37m/wd/hub/session/8fe89ea1-bc23-408e-a33f-812213f11862/window/rect[39m
[38;5;0m[HTTP][0m [90m{}[39m
[38;5;0m[HTTP][0m [37m<-- GET /wd/hub/session/8fe89ea1-bc23-408e-a33f-812213f11862/window/rect [39m[32m200[39m [90m45 ms - 50[39m
[38;5;0m[HTTP][0m [90m[39m
[38;5;0m[HTTP][0m [37m-->[39m [37mPOST[39m [37m/wd/hub/session/8fe89ea1-bc23-408e-a33f-812213f11862/elements[39m
[38;5;0m[HTTP][0m [90m{"using":"xpath","value":"//*[@class = 'android.widget.LinearLayout' and @resource-id = 'com.Advantage.aShopping:id/linearLayoutLogin' and (@text = '' or . = '')]"}[39m
[38;5;0m[HTTP][0m [37m<-- POST /wd/hub/session/8fe89ea1-bc23-408e-a33f-812213f11862/elements [39m[32m200[39m [90m587 ms - 139[39m
[38;5;0m[HTTP][0m [90m[39m
[38;5;0m[HTTP][0m [37m-->[39m [37mGET[39m [37m/wd/hub/session/8fe89ea1-bc23-408e-a33f-812213f11862/element/00000000-0000-0778-ffff-ffff0000003e/location[39m
[38;5;0m[HTTP][0m [90m{}[39m
[38;5;48m[AndroidUiautomator2Driver@ce74 (8fe89ea1)][0m Driver proxy active, passing request on via HTTP proxy
[38;5;48m[AndroidUiautomator2Driver@ce74 (8fe89ea1)][0m Replacing sessionId 37184541-6c8d-41c6-9a12-da45df1b3d43 with 8fe89ea1-bc23-408e-a33f-812213f11862
[38;5;0m[HTTP][0m [37m<-- GET /wd/hub/session/8fe89ea1-bc23-408e-a33f-812213f11862/element/00000000-0000-0778-ffff-ffff0000003e/location [39m[32m200[39m [90m29 ms - 76[39m
[38;5;0m[HTTP][0m [90m[39m
[38;5;0m[HTTP][0m [37m-->[39m [37mPOST[39m [37m/wd/hub/session/8fe89ea1-bc23-408e-a33f-812213f11862/timeouts[39m
[38;5;0m[HTTP][0m [90m{"implicit":30000}[39m
[38;5;0m[HTTP][0m [37m<-- POST /wd/hub/session/8fe89ea1-bc23-408e-a33f-812213f11862/timeouts [39m[32m200[39m [90m1 ms - 14[39m
[38;5;0m[HTTP][0m [90m[39m
[38;5;0m[HTTP][0m [37m-->[39m [37mPOST[39m [37m/wd/hub/session/8fe89ea1-bc23-408e-a33f-812213f11862/element/00000000-0000-0778-ffff-ffff0000003e/click[39m
[38;5;0m[HTTP][0m [90m{"id":"00000000-0000-0778-ffff-ffff0000003e"}[39m
[38;5;0m[HTTP][0m [37m<-- POST /wd/hub/session/8fe89ea1-bc23-408e-a33f-812213f11862/element/00000000-0000-0778-ffff-ffff0000003e/click [39m[32m200[39m [90m84 ms - 14[39m
[38;5;0m[HTTP][0m [90m[39m
[38;5;0m[HTTP][0m [37m-->[39m [37mPOST[39m [37m/wd/hub/session/8fe89ea1-bc23-408e-a33f-812213f11862/timeouts[39m
[38;5;0m[HTTP][0m [90m{"implicit":50}[39m
[38;5;0m[HTTP][0m [37m<-- POST /wd/hub/session/8fe89ea1-bc23-408e-a33f-812213f11862/timeouts [39m[32m200[39m [90m1 ms - 14[39m
[38;5;0m[HTTP][0m [90m[39m
[38;5;0m[HTTP][0m [37m-->[39m [37mGET[39m [37m/wd/hub/session/8fe89ea1-bc23-408e-a33f-812213f11862/window/rect[39m
[38;5;0m[HTTP][0m [90m{}[39m
[38;5;0m[HTTP][0m [37m<-- GET /wd/hub/session/8fe89ea1-bc23-408e-a33f-812213f11862/window/rect [39m[32m200[39m [90m9 ms - 50[39m
[38;5;0m[HTTP][0m [90m[39m
[38;5;0m[HTTP][0m [37m-->[39m [37mPOST[39m [37m/wd/hub/session/8fe89ea1-bc23-408e-a33f-812213f11862/elements[39m
[38;5;0m[HTTP][0m [90m{"using":"xpath","value":"//*[@class = 'android.widget.RelativeLayout' and @resource-id = 'com.Advantage.aShopping:id/AosEditTextLoginUserName' and (@text = '' or . = '')]"}[39m
[38;5;0m[HTTP][0m [37m<-- POST /wd/hub/session/8fe89ea1-bc23-408e-a33f-812213f11862/elements [39m[32m200[39m [90m1570 ms - 139[39m
[38;5;0m[HTTP][0m [90m[39m
[38;5;0m[HTTP][0m [37m-->[39m [37mGET[39m [37m/wd/hub/session/8fe89ea1-bc23-408e-a33f-812213f11862/element/00000000-0000-0779-ffff-ffff00000075/location[39m
[38;5;0m[HTTP][0m [90m{}[39m
[38;5;48m[AndroidUiautomator2Driver@ce74 (8fe89ea1)][0m Driver proxy active, passing request on via HTTP proxy
[38;5;48m[AndroidUiautomator2Driver@ce74 (8fe89ea1)][0m Replacing sessionId 37184541-6c8d-41c6-9a12-da45df1b3d43 with 8fe89ea1-bc23-408e-a33f-812213f11862
[38;5;0m[HTTP][0m [37m<-- GET /wd/hub/session/8fe89ea1-bc23-408e-a33f-812213f11862/element/00000000-0000-0779-ffff-ffff00000075/location [39m[32m200[39m [90m460 ms - 77[39m
[38;5;0m[HTTP][0m [90m[39m
[38;5;0m[HTTP][0m [37m-->[39m [37mPOST[39m [37m/wd/hub/session/8fe89ea1-bc23-408e-a33f-812213f11862/timeouts[39m
[38;5;0m[HTTP][0m [90m{"implicit":30000}[39m
[38;5;0m[HTTP][0m [37m<-- POST /wd/hub/session/8fe89ea1-bc23-408e-a33f-812213f11862/timeouts [39m[32m200[39m [90m1 ms - 14[39m
[38;5;0m[HTTP][0m [90m[39m
[38;5;0m[HTTP][0m [37m-->[39m [37mPOST[39m [37m/wd/hub/session/8fe89ea1-bc23-408e-a33f-812213f11862/element/00000000-0000-0779-ffff-ffff00000075/clear[39m
[38;5;0m[HTTP][0m [90m{"id":"00000000-0000-0779-ffff-ffff00000075"}[39m
[38;5;0m[HTTP][0m [37m<-- POST /wd/hub/session/8fe89ea1-bc23-408e-a33f-812213f11862/element/00000000-0000-0779-ffff-ffff00000075/clear [39m[32m200[39m [90m42 ms - 14[39m
[38;5;0m[HTTP][0m [90m[39m
[38;5;0m[HTTP][0m [37m-->[39m [37mPOST[39m [37m/wd/hub/session/8fe89ea1-bc23-408e-a33f-812213f11862/element/00000000-0000-0779-ffff-ffff00000075/click[39m
[38;5;0m[HTTP][0m [90m{"id":"00000000-0000-0779-ffff-ffff00000075"}[39m
[38;5;0m[HTTP][0m [37m<-- POST /wd/hub/session/8fe89ea1-bc23-408e-a33f-812213f11862/element/00000000-0000-0779-ffff-ffff00000075/click [39m[32m200[39m [90m90 ms - 14[39m
[38;5;0m[HTTP][0m [90m[39m
[38;5;0m[HTTP][0m [37m-->[39m [37mPOST[39m [37m/wd/hub/session/8fe89ea1-bc23-408e-a33f-812213f11862/element/00000000-0000-0779-ffff-ffff00000075/value[39m
[38;5;0m[HTTP][0m [90m{"id":"00000000-0000-0779-ffff-ffff00000075","text":"","value":[]}[39m
[38;5;48m[AndroidUiautomator2Driver@ce74 (8fe89ea1)][0m Got response with status 400: {"sessionId":"37184541-6c8d-41c6-9a12-da45df1b3d43","value":{"error":"invalid element state","message":"Cannot set the element to ''. Did you interact with the correct element?","stacktrace":"io.appium.uiautomator2.common.exceptions.InvalidElementStateException: Cannot set the element to ''. Did you interact with the correct element?\n\tat io.appium.uiautomator2.handler.SendKeysToElement.setText(SendKeysToElement.java:87)\n\tat io.appium.uiautomator2.handler.SendKeysToElement.safeHandle(SendKeysToElement.java:115)\n\tat io.appium.uiautomator2.handler.request.SafeRequestHandler.handle(SafeRequestHandler.java:59)\n\tat io.appium.uiautomator2.server.AppiumServlet.handleRequest(AppiumServlet.java:259)\n\tat io.appium.uiautomator2.server.AppiumServlet.handleHttpRequest(AppiumServlet.java:253)\n\tat io.appium.uiautomator2.http.ServerHandler.channelRead(ServerHandler.java:77)\n\tat io.netty.channel.AbstractChannelHandlerContext.invokeChannelRead(AbstractChannelHandlerContext.java:366)\n\tat io.netty.channel.Abstr...
[38;5;0m[HTTP][0m [37m<-- POST /wd/hub/session/8fe89ea1-bc23-408e-a33f-812213f11862/element/00000000-0000-0779-ffff-ffff00000075/value [39m[33m400[39m [90m1168 ms - 3880[39m
[38;5;0m[HTTP][0m [90m[39m
[38;5;0m[HTTP][0m [37m-->[39m [37mPOST[39m [37m/wd/hub/session/8fe89ea1-bc23-408e-a33f-812213f11862/element/00000000-0000-0779-ffff-ffff00000075/click[39m
[38;5;0m[HTTP][0m [90m{"id":"00000000-0000-0779-ffff-ffff00000075"}[39m
[38;5;0m[HTTP][0m [37m<-- POST /wd/hub/session/8fe89ea1-bc23-408e-a33f-812213f11862/element/00000000-0000-0779-ffff-ffff00000075/click [39m[32m200[39m [90m99 ms - 14[39m
[38;5;0m[HTTP][0m [90m[39m
[38;5;0m[HTTP][0m [37m-->[39m [37mPOST[39m [37m/wd/hub/session/8fe89ea1-bc23-408e-a33f-812213f11862/actions[39m
[38;5;0m[HTTP][0m [90m{"actions":[{"type":"key","actions":[],"id":"keyboard"}]}[39m
[38;5;0m[HTTP][0m [37m<-- POST /wd/hub/session/8fe89ea1-bc23-408e-a33f-812213f11862/actions [39m[32m200[39m [90m41 ms - 14[39m
[38;5;0m[HTTP][0m [90m[39m
[38;5;0m[HTTP][0m [37m-->[39m [37mPOST[39m [37m/wd/hub/session/8fe89ea1-bc23-408e-a33f-812213f11862/timeouts[39m
[38;5;0m[HTTP][0m [90m{"implicit":50}[39m
[38;5;0m[HTTP][0m [37m<-- POST /wd/hub/session/8fe89ea1-bc23-408e-a33f-812213f11862/timeouts [39m[32m200[39m [90m1 ms - 14[39m
[38;5;0m[HTTP][0m [90m[39m
[38;5;0m[HTTP][0m [37m-->[39m [37mGET[39m [37m/wd/hub/session/8fe89ea1-bc23-408e-a33f-812213f11862/window/rect[39m
[38;5;0m[HTTP][0m [90m{}[39m
[38;5;0m[HTTP][0m [37m<-- GET /wd/hub/session/8fe89ea1-bc23-408e-a33f-812213f11862/window/rect [39m[32m200[39m [90m22 ms - 50[39m
[38;5;0m[HTTP][0m [90m[39m
[38;5;0m[HTTP][0m [37m-->[39m [37mPOST[39m [37m/wd/hub/session/8fe89ea1-bc23-408e-a33f-812213f11862/elements[39m
[38;5;0m[HTTP][0m [90m{"using":"xpath","value":"//*[@class = 'android.widget.RelativeLayout' and @resource-id = 'com.Advantage.aShopping:id/AosEditTextLoginPassword' and (@text = '' or . = '')]"}[39m
[38;5;0m[HTTP][0m [37m<-- POST /wd/hub/session/8fe89ea1-bc23-408e-a33f-812213f11862/elements [39m[32m200[39m [90m1238 ms - 139[39m
[38;5;0m[HTTP][0m [90m[39m
[38;5;0m[HTTP][0m [37m-->[39m [37mGET[39m [37m/wd/hub/session/8fe89ea1-bc23-408e-a33f-812213f11862/element/00000000-0000-0779-ffff-ffff00000079/location[39m
[38;5;0m[HTTP][0m [90m{}[39m
[38;5;48m[AndroidUiautomator2Driver@ce74 (8fe89ea1)][0m Driver proxy active, passing request on via HTTP proxy
[38;5;48m[AndroidUiautomator2Driver@ce74 (8fe89ea1)][0m Replacing sessionId 37184541-6c8d-41c6-9a12-da45df1b3d43 with 8fe89ea1-bc23-408e-a33f-812213f11862
[38;5;0m[HTTP][0m [37m<-- GET /wd/hub/session/8fe89ea1-bc23-408e-a33f-812213f11862/element/00000000-0000-0779-ffff-ffff00000079/location [39m[32m200[39m [90m47 ms - 77[39m
[38;5;0m[HTTP][0m [90m[39m
[38;5;0m[HTTP][0m [37m-->[39m [37mPOST[39m [37m/wd/hub/session/8fe89ea1-bc23-408e-a33f-812213f11862/timeouts[39m
[38;5;0m[HTTP][0m [90m{"implicit":30000}[39m
[38;5;0m[HTTP][0m [37m<-- POST /wd/hub/session/8fe89ea1-bc23-408e-a33f-812213f11862/timeouts [39m[32m200[39m [90m4 ms - 14[39m
[38;5;0m[HTTP][0m [90m[39m
[38;5;0m[HTTP][0m [37m-->[39m [37mPOST[39m [37m/wd/hub/session/8fe89ea1-bc23-408e-a33f-812213f11862/element/00000000-0000-0779-ffff-ffff00000079/clear[39m
[38;5;0m[HTTP][0m [90m{"id":"00000000-0000-0779-ffff-ffff00000079"}[39m
[38;5;0m[HTTP][0m [37m<-- POST /wd/hub/session/8fe89ea1-bc23-408e-a33f-812213f11862/element/00000000-0000-0779-ffff-ffff00000079/clear [39m[32m200[39m [90m42 ms - 14[39m
[38;5;0m[HTTP][0m [90m[39m
[38;5;0m[HTTP][0m [37m-->[39m [37mPOST[39m [37m/wd/hub/session/8fe89ea1-bc23-408e-a33f-812213f11862/element/00000000-0000-0779-ffff-ffff00000079/click[39m
[38;5;0m[HTTP][0m [90m{"id":"00000000-0000-0779-ffff-ffff00000079"}[39m
[38;5;0m[HTTP][0m [37m<-- POST /wd/hub/session/8fe89ea1-bc23-408e-a33f-812213f11862/element/00000000-0000-0779-ffff-ffff00000079/click [39m[32m200[39m [90m91 ms - 14[39m
[38;5;0m[HTTP][0m [90m[39m
[38;5;0m[HTTP][0m [37m-->[39m [37mPOST[39m [37m/wd/hub/session/8fe89ea1-bc23-408e-a33f-812213f11862/element/00000000-0000-0779-ffff-ffff00000079/value[39m
[38;5;0m[HTTP][0m [90m{"id":"00000000-0000-0779-ffff-ffff00000079","text":"","value":[]}[39m
[38;5;48m[AndroidUiautomator2Driver@ce74 (8fe89ea1)][0m Got response with status 400: {"sessionId":"37184541-6c8d-41c6-9a12-da45df1b3d43","value":{"error":"invalid element state","message":"Cannot set the element to ''. Did you interact with the correct element?","stacktrace":"io.appium.uiautomator2.common.exceptions.InvalidElementStateException: Cannot set the element to ''. Did you interact with the correct element?\n\tat io.appium.uiautomator2.handler.SendKeysToElement.setText(SendKeysToElement.java:87)\n\tat io.appium.uiautomator2.handler.SendKeysToElement.safeHandle(SendKeysToElement.java:115)\n\tat io.appium.uiautomator2.handler.request.SafeRequestHandler.handle(SafeRequestHandler.java:59)\n\tat io.appium.uiautomator2.server.AppiumServlet.handleRequest(AppiumServlet.java:259)\n\tat io.appium.uiautomator2.server.AppiumServlet.handleHttpRequest(AppiumServlet.java:253)\n\tat io.appium.uiautomator2.http.ServerHandler.channelRead(ServerHandler.java:77)\n\tat io.netty.channel.AbstractChannelHandlerContext.invokeChannelRead(AbstractChannelHandlerContext.java:366)\n\tat io.netty.channel.Abstr...
[38;5;0m[HTTP][0m [37m<-- POST /wd/hub/session/8fe89ea1-bc23-408e-a33f-812213f11862/element/00000000-0000-0779-ffff-ffff00000079/value [39m[33m400[39m [90m1058 ms - 3880[39m
[38;5;0m[HTTP][0m [90m[39m
[38;5;0m[HTTP][0m [37m-->[39m [37mPOST[39m [37m/wd/hub/session/8fe89ea1-bc23-408e-a33f-812213f11862/element/00000000-0000-0779-ffff-ffff00000079/click[39m
[38;5;0m[HTTP][0m [90m{"id":"00000000-0000-0779-ffff-ffff00000079"}[39m
[38;5;0m[HTTP][0m [37m<-- POST /wd/hub/session/8fe89ea1-bc23-408e-a33f-812213f11862/element/00000000-0000-0779-ffff-ffff00000079/click [39m[32m200[39m [90m685 ms - 14[39m
[38;5;0m[HTTP][0m [90m[39m
[38;5;0m[HTTP][0m [37m-->[39m [37mPOST[39m [37m/wd/hub/session/8fe89ea1-bc23-408e-a33f-812213f11862/actions[39m
[38;5;0m[HTTP][0m [90m{"actions":[{"type":"key","actions":[],"id":"keyboard"}]}[39m
[38;5;0m[HTTP][0m [37m<-- POST /wd/hub/session/8fe89ea1-bc23-408e-a33f-812213f11862/actions [39m[32m200[39m [90m31 ms - 14[39m
[38;5;0m[HTTP][0m [90m[39m
[38;5;0m[HTTP][0m [37m-->[39m [37mPOST[39m [37m/wd/hub/session/8fe89ea1-bc23-408e-a33f-812213f11862/timeouts[39m
[38;5;0m[HTTP][0m [90m{"implicit":50}[39m
[38;5;0m[HTTP][0m [37m<-- POST /wd/hub/session/8fe89ea1-bc23-408e-a33f-812213f11862/timeouts [39m[32m200[39m [90m1 ms - 14[39m
[38;5;0m[HTTP][0m [90m[39m
[38;5;0m[HTTP][0m [37m-->[39m [37mGET[39m [37m/wd/hub/session/8fe89ea1-bc23-408e-a33f-812213f11862/window/rect[39m
[38;5;0m[HTTP][0m [90m{}[39m
[38;5;0m[HTTP][0m [37m<-- GET /wd/hub/session/8fe89ea1-bc23-408e-a33f-812213f11862/window/rect [39m[32m200[39m [90m21 ms - 50[39m
[38;5;0m[HTTP][0m [90m[39m
[38;5;0m[HTTP][0m [37m-->[39m [37mPOST[39m [37m/wd/hub/session/8fe89ea1-bc23-408e-a33f-812213f11862/elements[39m
[38;5;0m[HTTP][0m [90m{"using":"xpath","value":"//*[@class = 'android.widget.Button' and (@text = 'LOGIN' or . = 'LOGIN') and @resource-id = 'com.Advantage.aShopping:id/buttonLogin']"}[39m
[38;5;0m[HTTP][0m [37m<-- POST /wd/hub/session/8fe89ea1-bc23-408e-a33f-812213f11862/elements [39m[32m200[39m [90m293 ms - 139[39m
[38;5;0m[HTTP][0m [90m[39m
[38;5;0m[HTTP][0m [37m-->[39m [37mGET[39m [37m/wd/hub/session/8fe89ea1-bc23-408e-a33f-812213f11862/element/00000000-0000-0779-ffff-ffff00000081/location[39m
[38;5;0m[HTTP][0m [90m{}[39m
[38;5;48m[AndroidUiautomator2Driver@ce74 (8fe89ea1)][0m Driver proxy active, passing request on via HTTP proxy
[38;5;48m[AndroidUiautomator2Driver@ce74 (8fe89ea1)][0m Replacing sessionId 37184541-6c8d-41c6-9a12-da45df1b3d43 with 8fe89ea1-bc23-408e-a33f-812213f11862
[38;5;0m[HTTP][0m [37m<-- GET /wd/hub/session/8fe89ea1-bc23-408e-a33f-812213f11862/element/00000000-0000-0779-ffff-ffff00000081/location [39m[32m200[39m [90m21 ms - 78[39m
[38;5;0m[HTTP][0m [90m[39m
[38;5;0m[HTTP][0m [37m-->[39m [37mPOST[39m [37m/wd/hub/session/8fe89ea1-bc23-408e-a33f-812213f11862/timeouts[39m
[38;5;0m[HTTP][0m [90m{"implicit":30000}[39m
[38;5;0m[HTTP][0m [37m<-- POST /wd/hub/session/8fe89ea1-bc23-408e-a33f-812213f11862/timeouts [39m[32m200[39m [90m1 ms - 14[39m
[38;5;0m[HTTP][0m [90m[39m
[38;5;0m[HTTP][0m [37m-->[39m [37mPOST[39m [37m/wd/hub/session/8fe89ea1-bc23-408e-a33f-812213f11862/element/00000000-0000-0779-ffff-ffff00000081/click[39m
[38;5;0m[HTTP][0m [90m{"id":"00000000-0000-0779-ffff-ffff00000081"}[39m
[38;5;0m[HTTP][0m [37m<-- POST /wd/hub/session/8fe89ea1-bc23-408e-a33f-812213f11862/element/00000000-0000-0779-ffff-ffff00000081/click [39m[32m200[39m [90m63 ms - 14[39m
[38;5;0m[HTTP][0m [90m[39m
[38;5;0m[HTTP][0m [37m-->[39m [37mPOST[39m [37m/wd/hub/session/8fe89ea1-bc23-408e-a33f-812213f11862/timeouts[39m
[38;5;0m[HTTP][0m [90m{"implicit":50}[39m
[38;5;0m[HTTP][0m [37m<-- POST /wd/hub/session/8fe89ea1-bc23-408e-a33f-812213f11862/timeouts [39m[32m200[39m [90m1 ms - 14[39m
[38;5;0m[HTTP][0m [90m[39m
[38;5;0m[HTTP][0m [37m-->[39m [37mGET[39m [37m/wd/hub/session/8fe89ea1-bc23-408e-a33f-812213f11862/window/rect[39m
[38;5;0m[HTTP][0m [90m{}[39m
[38;5;0m[HTTP][0m [37m<-- GET /wd/hub/session/8fe89ea1-bc23-408e-a33f-812213f11862/window/rect [39m[32m200[39m [90m19 ms - 50[39m
[38;5;0m[HTTP][0m [90m[39m
[38;5;0m[HTTP][0m [37m-->[39m [37mPOST[39m [37m/wd/hub/session/8fe89ea1-bc23-408e-a33f-812213f11862/elements[39m
[38;5;0m[HTTP][0m [90m{"using":"xpath","value":"//*[@class = 'android.widget.TextView' and (@text = 'Incorrect user name or password.' or . = 'Incorrect user name or password.') and @resource-id = 'com.Advantage.aShopping:id/textViewFailed']"}[39m
[38;5;0m[HTTP][0m [37m<-- POST /wd/hub/session/8fe89ea1-bc23-408e-a33f-812213f11862/elements [39m[32m200[39m [90m192 ms - 12[39m
[38;5;0m[HTTP][0m [90m[39m
[38;5;0m[HTTP][0m [37m-->[39m [37mPOST[39m [37m/wd/hub/session/8fe89ea1-bc23-408e-a33f-812213f11862/elements[39m
[38;5;0m[HTTP][0m [90m{"using":"xpath","value":"//*[@class = 'android.widget.TextView' and (@text = 'Incorrect user name or password.' or . = 'Incorrect user name or password.') and @resource-id = 'com.Advantage.aShopping:id/textViewFailed']"}[39m
[38;5;0m[HTTP][0m [37m<-- POST /wd/hub/session/8fe89ea1-bc23-408e-a33f-812213f11862/elements [39m[32m200[39m [90m208 ms - 12[39m
[38;5;0m[HTTP][0m [90m[39m
[38;5;0m[HTTP][0m [37m-->[39m [37mPOST[39m [37m/wd/hub/session/8fe89ea1-bc23-408e-a33f-812213f11862/elements[39m
[38;5;0m[HTTP][0m [90m{"using":"xpath","value":"//*[@class = 'android.widget.TextView' and (@text = 'Incorrect user name or password.' or . = 'Incorrect user name or password.') and @resource-id = 'com.Advantage.aShopping:id/textViewFailed']"}[39m
[38;5;0m[HTTP][0m [37m<-- POST /wd/hub/session/8fe89ea1-bc23-408e-a33f-812213f11862/elements [39m[32m200[39m [90m169 ms - 12[39m
[38;5;0m[HTTP][0m [90m[39m
[38;5;0m[HTTP][0m [37m-->[39m [37mPOST[39m [37m/wd/hub/session/8fe89ea1-bc23-408e-a33f-812213f11862/elements[39m
[38;5;0m[HTTP][0m [90m{"using":"xpath","value":"//*[@class = 'android.widget.TextView' and (@text = 'Incorrect user name or password.' or . = 'Incorrect user name or password.') and @resource-id = 'com.Advantage.aShopping:id/textViewFailed']"}[39m
[38;5;0m[HTTP][0m [37m<-- POST /wd/hub/session/8fe89ea1-bc23-408e-a33f-812213f11862/elements [39m[32m200[39m [90m187 ms - 12[39m
[38;5;0m[HTTP][0m [90m[39m
[38;5;0m[HTTP][0m [37m-->[39m [37mPOST[39m [37m/wd/hub/session/8fe89ea1-bc23-408e-a33f-812213f11862/elements[39m
[38;5;0m[HTTP][0m [90m{"using":"xpath","value":"//*[@class = 'android.widget.TextView' and (@text = 'Incorrect user name or password.' or . = 'Incorrect user name or password.') and @resource-id = 'com.Advantage.aShopping:id/textViewFailed']"}[39m
[38;5;0m[HTTP][0m [37m<-- POST /wd/hub/session/8fe89ea1-bc23-408e-a33f-812213f11862/elements [39m[32m200[39m [90m248 ms - 12[39m
[38;5;0m[HTTP][0m [90m[39m
[38;5;0m[HTTP][0m [37m-->[39m [37mPOST[39m [37m/wd/hub/session/8fe89ea1-bc23-408e-a33f-812213f11862/elements[39m
[38;5;0m[HTTP][0m [90m{"using":"xpath","value":"//*[@class = 'android.widget.TextView' and (@text = 'Incorrect user name or password.' or . = 'Incorrect user name or password.') and @resource-id = 'com.Advantage.aShopping:id/textViewFailed']"}[39m
[38;5;0m[HTTP][0m [37m<-- POST /wd/hub/session/8fe89ea1-bc23-408e-a33f-812213f11862/elements [39m[32m200[39m [90m239 ms - 12[39m
[38;5;0m[HTTP][0m [90m[39m
[38;5;0m[HTTP][0m [37m-->[39m [37mPOST[39m [37m/wd/hub/session/8fe89ea1-bc23-408e-a33f-812213f11862/elements[39m
[38;5;0m[HTTP][0m [90m{"using":"xpath","value":"//*[@class = 'android.widget.TextView' and (@text = 'Incorrect user name or password.' or . = 'Incorrect user name or password.') and @resource-id = 'com.Advantage.aShopping:id/textViewFailed']"}[39m
[38;5;0m[HTTP][0m [37m<-- POST /wd/hub/session/8fe89ea1-bc23-408e-a33f-812213f11862/elements [39m[32m200[39m [90m217 ms - 12[39m
[38;5;0m[HTTP][0m [90m[39m
[38;5;0m[HTTP][0m [37m-->[39m [37mPOST[39m [37m/wd/hub/session/8fe89ea1-bc23-408e-a33f-812213f11862/elements[39m
[38;5;0m[HTTP][0m [90m{"using":"xpath","value":"//*[@class = 'android.widget.TextView' and (@text = 'Incorrect user name or password.' or . = 'Incorrect user name or password.') and @resource-id = 'com.Advantage.aShopping:id/textViewFailed']"}[39m
[38;5;0m[HTTP][0m [37m<-- POST /wd/hub/session/8fe89ea1-bc23-408e-a33f-812213f11862/elements [39m[32m200[39m [90m267 ms - 12[39m
[38;5;0m[HTTP][0m [90m[39m
[38;5;0m[HTTP][0m [37m-->[39m [37mPOST[39m [37m/wd/hub/session/8fe89ea1-bc23-408e-a33f-812213f11862/elements[39m
[38;5;0m[HTTP][0m [90m{"using":"xpath","value":"//*[@class = 'android.widget.TextView' and (@text = 'Incorrect user name or password.' or . = 'Incorrect user name or password.') and @resource-id = 'com.Advantage.aShopping:id/textViewFailed']"}[39m
[38;5;0m[HTTP][0m [37m<-- POST /wd/hub/session/8fe89ea1-bc23-408e-a33f-812213f11862/elements [39m[32m200[39m [90m423 ms - 12[39m
[38;5;0m[HTTP][0m [90m[39m
[38;5;0m[HTTP][0m [37m-->[39m [37mPOST[39m [37m/wd/hub/session/8fe89ea1-bc23-408e-a33f-812213f11862/elements[39m
[38;5;0m[HTTP][0m [90m{"using":"xpath","value":"//*[@class = 'android.widget.TextView' and (@text = 'Incorrect user name or password.' or . = 'Incorrect user name or password.') and @resource-id = 'com.Advantage.aShopping:id/textViewFailed']"}[39m
[38;5;0m[HTTP][0m [37m<-- POST /wd/hub/session/8fe89ea1-bc23-408e-a33f-812213f11862/elements [39m[32m200[39m [90m910 ms - 12[39m
[38;5;0m[HTTP][0m [90m[39m
[38;5;0m[HTTP][0m [37m-->[39m [37mPOST[39m [37m/wd/hub/session/8fe89ea1-bc23-408e-a33f-812213f11862/elements[39m
[38;5;0m[HTTP][0m [90m{"using":"xpath","value":"//*[@class = 'android.widget.TextView' and (@text = 'Incorrect user name or password.' or . = 'Incorrect user name or password.') and @resource-id = 'com.Advantage.aShopping:id/textViewFailed']"}[39m
[38;5;0m[HTTP][0m [37m<-- POST /wd/hub/session/8fe89ea1-bc23-408e-a33f-812213f11862/elements [39m[32m-[39m [90m- ms - -[39m
[38;5;0m[HTTP][0m [90m[39m
