[35m[Appium][39m Welcome to Appium v2.5.0
[35m[Appium][39m Non-default server args:
[35m[Appium][39m { basePath: [32m'/wd/hub'[39m, loglevel: [32m'info'[39m, port: [33m1177[39m }
[35m[Appium][39m Attempting to load driver uiautomator2...
[35m[Appium][39m Appium REST http interface listener started on http://0.0.0.0:1177/wd/hub
[35m[Appium][39m You can provide the following URLs in your client code to connect to this server:
[35m[Appium][39m 	http://192.168.0.104:1177/wd/hub
[35m[Appium][39m 	http://127.0.0.1:1177/wd/hub (only accessible from the same host)
[35m[Appium][39m Available drivers:
[35m[Appium][39m   - uiautomator2@3.0.0 (automationName 'UiAutomator2')
[35m[Appium][39m No plugins have been installed. Use the "appium plugin" command to install the one(s) you want to use.
[38;5;0m[HTTP][0m [37m-->[39m [37mGET[39m [37m/wd/hub/status[39m
[38;5;0m[HTTP][0m [90m{}[39m
[38;5;0m[HTTP][0m [37m<-- GET /wd/hub/status [39m[32m200[39m [90m5 ms - 110[39m
[38;5;0m[HTTP][0m [90m[39m
[38;5;0m[HTTP][0m [37m-->[39m [37mPOST[39m [37m/wd/hub/session[39m
[38;5;0m[HTTP][0m [90m{"desiredCapabilities":{"appium:systemPort":1174,"appium:newCommandTimeout":1800,"appium:automationName":"uiautomator2","appium:fullReset":true,"appium:platformVersion":"13","appium:noReset":false,"appium:udid":"DQROLNJZNNVKEUDI","appium:autoGrantPermissions":true,"appium:platformName":"ANDROID","appium:deviceName":"realme RMX3572 (Android 13)","platformName":"Android","appium:app":"C:\\Users\\skyne\\Documents\\1. BRI\\Bootcampt\\Automation\\Shop\\Advantage+demo+3.2.apk"},"capabilities":{"firstMatch":[{"appium:app":"C:\\Users\\skyne\\Documents\\1. BRI\\Bootcampt\\Automation\\Shop\\Advantage+demo+3.2.apk","appium:autoGrantPermissions":true,"appium:automationName":"uiautomator2","appium:deviceName":"realme RMX3572 (Android 13)","appium:fullReset":true,"appium:newCommandTimeout":1800,"appium:noReset":false,"appium:platformName":"ANDROID","appium:platformVersion":"13","appium:systemPort":1174,"appium:udid":"DQROLNJZNNVKEUDI","platformName":"android"}]}}[39m
[38;5;32m[BaseDriver][0m Ignoring capability 'appium:platformName=ANDROID' and using capability 'platformName=android'
[38;5;32m[BaseDriver][0m The capabilities ["platformName"] are standard capabilities and do not require "appium:" prefix
[35m[Appium][39m Attempting to find matching driver for automationName 'uiautomator2' and platformName 'android'
[35m[Appium][39m The 'uiautomator2' driver was installed and matched caps.
[35m[Appium][39m Will require it at C:\Users\skyne\.appium\node_modules\appium-uiautomator2-driver
[38;5;16m[AppiumDriver@53d5][0m Appium v2.5.0 creating new AndroidUiautomator2Driver (v3.0.0) session
[38;5;16m[AppiumDriver@53d5][0m Checking BaseDriver versions for Appium and AndroidUiautomator2Driver
[38;5;16m[AppiumDriver@53d5][0m Appium's BaseDriver version is 9.5.1
[38;5;16m[AppiumDriver@53d5][0m AndroidUiautomator2Driver's BaseDriver version is 9.5.1
[38;5;48m[AndroidUiautomator2Driver@f943 (36f3cac7)][0m Session created with session id: 36f3cac7-dc77-4d3d-8d5c-3e13391846d8
[38;5;64m[ADB][0m Found 1 'build-tools' folders under 'C:\Users\skyne\.katalon\tools\android_sdk' (newest first):
[38;5;64m[ADB][0m     C:\Users\skyne\.katalon\tools\android_sdk\build-tools\29.0.3
[38;5;64m[ADB][0m Using 'adb.exe' from 'C:\Users\skyne\.katalon\tools\android_sdk\platform-tools\adb.exe'
[38;5;48m[AndroidUiautomator2Driver@f943 (36f3cac7)][0m Retrieving device list
[38;5;48m[AndroidUiautomator2Driver@f943 (36f3cac7)][0m Using device: DQROLNJZNNVKEUDI
[38;5;64m[ADB][0m Using 'adb.exe' from 'C:\Users\skyne\.katalon\tools\android_sdk\platform-tools\adb.exe'
[38;5;32m[BaseDriver][0m Using local app 'C:\Users\skyne\Documents\1. BRI\Bootcampt\Automation\Shop\Advantage+demo+3.2.apk'
[38;5;64m[ADB][0m Getting device platform version
[38;5;48m[AndroidUiautomator2Driver@f943 (36f3cac7)][0m Relaxing hidden api policy
[38;5;64m[ADB][0m Package name: 'com.Advantage.aShopping'
[38;5;64m[ADB][0m Main activity name: 'com.Advantage.aShopping.SplashActivity'
[38;5;64m[ADB][0m Using 'apksigner.jar' from 'C:\Users\skyne\.katalon\tools\android_sdk\build-tools\29.0.3\lib\apksigner.jar'
[38;5;64m[ADB][0m 'C:\Users\skyne\.appium\node_modules\appium-uiautomator2-driver\node_modules\appium-uiautomator2-server\apks\appium-uiautomator2-server-debug-androidTest.apk' is signed with the default certificate
[38;5;64m[ADB][0m 'C:\Users\skyne\Documents\1. BRI\Bootcampt\Automation\Shop\Advantage+demo+3.2.apk' is signed with a non-default certificate
[38;5;64m[ADB][0m com.Advantage.aShopping was not uninstalled, because it was not present on the device
[38;5;64m[ADB][0m The application at 'C:\Users\skyne\Documents\1. BRI\Bootcampt\Automation\Shop\Advantage+demo+3.2.apk' will not be cached, because the device under test has confirmed the support of streamed installs
[38;5;64m[ADB][0m 'C:\Users\skyne\.appium\node_modules\appium-uiautomator2-driver\node_modules\appium-uiautomator2-server\apks\appium-uiautomator2-server-v7.0.0.apk' is signed with the default certificate
[38;5;48m[AndroidUiautomator2Driver@f943 (36f3cac7)][0m Server packages are not going to be (re)installed
[38;5;64m[ADB][0m Adding packages ["io.appium.settings","io.appium.uiautomator2.server","io.appium.uiautomator2.server.test"] to Doze whitelist
[38;5;64m[ADB][0m The installation of 'Advantage+demo+3.2.apk' took 3031ms
[38;5;48m[AndroidUiautomator2Driver@f943 (36f3cac7)][0m Starting UIAutomator2 server 7.0.0
[38;5;48m[AndroidUiautomator2Driver@f943 (36f3cac7)][0m Using UIAutomator2 server from 'C:\Users\skyne\.appium\node_modules\appium-uiautomator2-driver\node_modules\appium-uiautomator2-server\apks\appium-uiautomator2-server-v7.0.0.apk' and test from 'C:\Users\skyne\.appium\node_modules\appium-uiautomator2-driver\node_modules\appium-uiautomator2-server\apks\appium-uiautomator2-server-debug-androidTest.apk'
[38;5;48m[AndroidUiautomator2Driver@f943 (36f3cac7)][0m Waiting up to 30000ms for UiAutomator2 to be online...
[38;5;48m[AndroidUiautomator2Driver@f943 (36f3cac7)][0m socket hang up
[38;5;48m[AndroidUiautomator2Driver@f943 (36f3cac7)][0m socket hang up
[38;5;48m[AndroidUiautomator2Driver@f943 (36f3cac7)][0m socket hang up
[38;5;48m[AndroidUiautomator2Driver@f943 (36f3cac7)][0m Determined the downstream protocol as 'W3C'
[38;5;48m[AndroidUiautomator2Driver@f943 (36f3cac7)][0m Screen already unlocked, doing nothing
[38;5;48m[AndroidUiautomator2Driver@f943 (36f3cac7)][0m Starting 'com.Advantage.aShopping/com.Advantage.aShopping.SplashActivity and waiting for 'com.Advantage.aShopping/com.Advantage.aShopping.SplashActivity'
[38;5;16m[AppiumDriver@53d5][0m New AndroidUiautomator2Driver session created successfully, session 36f3cac7-dc77-4d3d-8d5c-3e13391846d8 added to master session list
[38;5;0m[HTTP][0m [37m<-- POST /wd/hub/session [39m[32m200[39m [90m9307 ms - 1274[39m
[38;5;0m[HTTP][0m [90m[39m
[38;5;0m[HTTP][0m [37m-->[39m [37mGET[39m [37m/wd/hub/session/36f3cac7-dc77-4d3d-8d5c-3e13391846d8[39m
[38;5;0m[HTTP][0m [90m{}[39m
[38;5;0m[HTTP][0m [37m<-- GET /wd/hub/session/36f3cac7-dc77-4d3d-8d5c-3e13391846d8 [39m[32m200[39m [90m11 ms - 383[39m
[38;5;0m[HTTP][0m [90m[39m
[38;5;0m[HTTP][0m [37m-->[39m [37mGET[39m [37m/wd/hub/session/36f3cac7-dc77-4d3d-8d5c-3e13391846d8[39m
[38;5;0m[HTTP][0m [90m{}[39m
[38;5;0m[HTTP][0m [37m<-- GET /wd/hub/session/36f3cac7-dc77-4d3d-8d5c-3e13391846d8 [39m[32m200[39m [90m9 ms - 383[39m
[38;5;0m[HTTP][0m [90m[39m
[38;5;0m[HTTP][0m [37m-->[39m [37mGET[39m [37m/wd/hub/status[39m
[38;5;0m[HTTP][0m [90m{}[39m
[38;5;0m[HTTP][0m [37m<-- GET /wd/hub/status [39m[32m200[39m [90m1 ms - 110[39m
[38;5;0m[HTTP][0m [90m[39m
[38;5;0m[HTTP][0m [37m-->[39m [37mPOST[39m [37m/wd/hub/session/36f3cac7-dc77-4d3d-8d5c-3e13391846d8/timeouts[39m
[38;5;0m[HTTP][0m [90m{"implicit":30000}[39m
[38;5;0m[HTTP][0m [37m<-- POST /wd/hub/session/36f3cac7-dc77-4d3d-8d5c-3e13391846d8/timeouts [39m[32m200[39m [90m2 ms - 14[39m
[38;5;0m[HTTP][0m [90m[39m
[38;5;0m[HTTP][0m [37m-->[39m [37mGET[39m [37m/wd/hub/session/36f3cac7-dc77-4d3d-8d5c-3e13391846d8/appium/device/system_bars[39m
[38;5;0m[HTTP][0m [90m{}[39m
[38;5;0m[HTTP][0m [37m<-- GET /wd/hub/session/36f3cac7-dc77-4d3d-8d5c-3e13391846d8/appium/device/system_bars [39m[32m200[39m [90m81 ms - 151[39m
[38;5;0m[HTTP][0m [90m[39m
[38;5;0m[HTTP][0m [37m-->[39m [37mPOST[39m [37m/wd/hub/session/36f3cac7-dc77-4d3d-8d5c-3e13391846d8/timeouts[39m
[38;5;0m[HTTP][0m [90m{"implicit":50}[39m
[38;5;0m[HTTP][0m [37m<-- POST /wd/hub/session/36f3cac7-dc77-4d3d-8d5c-3e13391846d8/timeouts [39m[32m200[39m [90m3 ms - 14[39m
[38;5;0m[HTTP][0m [90m[39m
[38;5;0m[HTTP][0m [37m-->[39m [37mGET[39m [37m/wd/hub/session/36f3cac7-dc77-4d3d-8d5c-3e13391846d8/window/rect[39m
[38;5;0m[HTTP][0m [90m{}[39m
[38;5;0m[HTTP][0m [37m<-- GET /wd/hub/session/36f3cac7-dc77-4d3d-8d5c-3e13391846d8/window/rect [39m[32m200[39m [90m21 ms - 50[39m
[38;5;0m[HTTP][0m [90m[39m
[38;5;0m[HTTP][0m [37m-->[39m [37mPOST[39m [37m/wd/hub/session/36f3cac7-dc77-4d3d-8d5c-3e13391846d8/elements[39m
[38;5;0m[HTTP][0m [90m{"using":"xpath","value":"//*[@class = 'android.widget.ImageView' and @resource-id = 'com.Advantage.aShopping:id/imageViewMenu' and (@text = '' or . = '')]"}[39m
[38;5;0m[HTTP][0m [37m<-- POST /wd/hub/session/36f3cac7-dc77-4d3d-8d5c-3e13391846d8/elements [39m[32m200[39m [90m1775 ms - 139[39m
[38;5;0m[HTTP][0m [90m[39m
[38;5;0m[HTTP][0m [37m-->[39m [37mGET[39m [37m/wd/hub/session/36f3cac7-dc77-4d3d-8d5c-3e13391846d8/element/00000000-0000-07b5-ffff-ffff00000018/location[39m
[38;5;0m[HTTP][0m [90m{}[39m
[38;5;48m[AndroidUiautomator2Driver@f943 (36f3cac7)][0m Driver proxy active, passing request on via HTTP proxy
[38;5;48m[AndroidUiautomator2Driver@f943 (36f3cac7)][0m Replacing sessionId c8e0691b-4c45-4e7c-bda0-b728b326d3bf with 36f3cac7-dc77-4d3d-8d5c-3e13391846d8
[38;5;0m[HTTP][0m [37m<-- GET /wd/hub/session/36f3cac7-dc77-4d3d-8d5c-3e13391846d8/element/00000000-0000-07b5-ffff-ffff00000018/location [39m[32m200[39m [90m1140 ms - 75[39m
[38;5;0m[HTTP][0m [90m[39m
[38;5;0m[HTTP][0m [37m-->[39m [37mPOST[39m [37m/wd/hub/session/36f3cac7-dc77-4d3d-8d5c-3e13391846d8/timeouts[39m
[38;5;0m[HTTP][0m [90m{"implicit":30000}[39m
[38;5;0m[HTTP][0m [37m<-- POST /wd/hub/session/36f3cac7-dc77-4d3d-8d5c-3e13391846d8/timeouts [39m[32m200[39m [90m2 ms - 14[39m
[38;5;0m[HTTP][0m [90m[39m
[38;5;0m[HTTP][0m [37m-->[39m [37mPOST[39m [37m/wd/hub/session/36f3cac7-dc77-4d3d-8d5c-3e13391846d8/element/00000000-0000-07b5-ffff-ffff00000018/click[39m
[38;5;0m[HTTP][0m [90m{"id":"00000000-0000-07b5-ffff-ffff00000018"}[39m
[38;5;0m[HTTP][0m [37m<-- POST /wd/hub/session/36f3cac7-dc77-4d3d-8d5c-3e13391846d8/element/00000000-0000-07b5-ffff-ffff00000018/click [39m[32m200[39m [90m1016 ms - 14[39m
[38;5;0m[HTTP][0m [90m[39m
[38;5;0m[HTTP][0m [37m-->[39m [37mPOST[39m [37m/wd/hub/session/36f3cac7-dc77-4d3d-8d5c-3e13391846d8/timeouts[39m
[38;5;0m[HTTP][0m [90m{"implicit":50}[39m
[38;5;0m[HTTP][0m [37m<-- POST /wd/hub/session/36f3cac7-dc77-4d3d-8d5c-3e13391846d8/timeouts [39m[32m200[39m [90m1 ms - 14[39m
[38;5;0m[HTTP][0m [90m[39m
[38;5;0m[HTTP][0m [37m-->[39m [37mGET[39m [37m/wd/hub/session/36f3cac7-dc77-4d3d-8d5c-3e13391846d8/window/rect[39m
[38;5;0m[HTTP][0m [90m{}[39m
[38;5;0m[HTTP][0m [37m<-- GET /wd/hub/session/36f3cac7-dc77-4d3d-8d5c-3e13391846d8/window/rect [39m[32m200[39m [90m19 ms - 50[39m
[38;5;0m[HTTP][0m [90m[39m
[38;5;0m[HTTP][0m [37m-->[39m [37mPOST[39m [37m/wd/hub/session/36f3cac7-dc77-4d3d-8d5c-3e13391846d8/elements[39m
[38;5;0m[HTTP][0m [90m{"using":"xpath","value":"//*[@class = 'android.widget.LinearLayout' and @resource-id = 'com.Advantage.aShopping:id/linearLayoutLogin' and (@text = '' or . = '')]"}[39m
[38;5;0m[HTTP][0m [37m<-- POST /wd/hub/session/36f3cac7-dc77-4d3d-8d5c-3e13391846d8/elements [39m[32m200[39m [90m503 ms - 139[39m
[38;5;0m[HTTP][0m [90m[39m
[38;5;0m[HTTP][0m [37m-->[39m [37mGET[39m [37m/wd/hub/session/36f3cac7-dc77-4d3d-8d5c-3e13391846d8/element/00000000-0000-07b5-ffff-ffff0000003e/location[39m
[38;5;0m[HTTP][0m [90m{}[39m
[38;5;48m[AndroidUiautomator2Driver@f943 (36f3cac7)][0m Driver proxy active, passing request on via HTTP proxy
[38;5;48m[AndroidUiautomator2Driver@f943 (36f3cac7)][0m Replacing sessionId c8e0691b-4c45-4e7c-bda0-b728b326d3bf with 36f3cac7-dc77-4d3d-8d5c-3e13391846d8
[38;5;0m[HTTP][0m [37m<-- GET /wd/hub/session/36f3cac7-dc77-4d3d-8d5c-3e13391846d8/element/00000000-0000-07b5-ffff-ffff0000003e/location [39m[32m200[39m [90m28 ms - 76[39m
[38;5;0m[HTTP][0m [90m[39m
[38;5;0m[HTTP][0m [37m-->[39m [37mPOST[39m [37m/wd/hub/session/36f3cac7-dc77-4d3d-8d5c-3e13391846d8/timeouts[39m
[38;5;0m[HTTP][0m [90m{"implicit":30000}[39m
[38;5;0m[HTTP][0m [37m<-- POST /wd/hub/session/36f3cac7-dc77-4d3d-8d5c-3e13391846d8/timeouts [39m[32m200[39m [90m1 ms - 14[39m
[38;5;0m[HTTP][0m [90m[39m
[38;5;0m[HTTP][0m [37m-->[39m [37mPOST[39m [37m/wd/hub/session/36f3cac7-dc77-4d3d-8d5c-3e13391846d8/element/00000000-0000-07b5-ffff-ffff0000003e/click[39m
[38;5;0m[HTTP][0m [90m{"id":"00000000-0000-07b5-ffff-ffff0000003e"}[39m
[38;5;0m[HTTP][0m [37m<-- POST /wd/hub/session/36f3cac7-dc77-4d3d-8d5c-3e13391846d8/element/00000000-0000-07b5-ffff-ffff0000003e/click [39m[32m200[39m [90m80 ms - 14[39m
[38;5;0m[HTTP][0m [90m[39m
[38;5;0m[HTTP][0m [37m-->[39m [37mPOST[39m [37m/wd/hub/session/36f3cac7-dc77-4d3d-8d5c-3e13391846d8/timeouts[39m
[38;5;0m[HTTP][0m [90m{"implicit":50}[39m
[38;5;0m[HTTP][0m [37m<-- POST /wd/hub/session/36f3cac7-dc77-4d3d-8d5c-3e13391846d8/timeouts [39m[32m200[39m [90m1 ms - 14[39m
[38;5;0m[HTTP][0m [90m[39m
[38;5;0m[HTTP][0m [37m-->[39m [37mGET[39m [37m/wd/hub/session/36f3cac7-dc77-4d3d-8d5c-3e13391846d8/window/rect[39m
[38;5;0m[HTTP][0m [90m{}[39m
[38;5;0m[HTTP][0m [37m<-- GET /wd/hub/session/36f3cac7-dc77-4d3d-8d5c-3e13391846d8/window/rect [39m[32m200[39m [90m9 ms - 50[39m
[38;5;0m[HTTP][0m [90m[39m
[38;5;0m[HTTP][0m [37m-->[39m [37mPOST[39m [37m/wd/hub/session/36f3cac7-dc77-4d3d-8d5c-3e13391846d8/elements[39m
[38;5;0m[HTTP][0m [90m{"using":"xpath","value":"//*[@class = 'android.widget.RelativeLayout' and @resource-id = 'com.Advantage.aShopping:id/AosEditTextLoginUserName' and (@text = '' or . = '')]"}[39m
[38;5;0m[HTTP][0m [37m<-- POST /wd/hub/session/36f3cac7-dc77-4d3d-8d5c-3e13391846d8/elements [39m[32m200[39m [90m2078 ms - 139[39m
[38;5;0m[HTTP][0m [90m[39m
[38;5;0m[HTTP][0m [37m-->[39m [37mGET[39m [37m/wd/hub/session/36f3cac7-dc77-4d3d-8d5c-3e13391846d8/element/00000000-0000-07b6-ffff-ffff00000075/location[39m
[38;5;0m[HTTP][0m [90m{}[39m
[38;5;48m[AndroidUiautomator2Driver@f943 (36f3cac7)][0m Driver proxy active, passing request on via HTTP proxy
[38;5;48m[AndroidUiautomator2Driver@f943 (36f3cac7)][0m Replacing sessionId c8e0691b-4c45-4e7c-bda0-b728b326d3bf with 36f3cac7-dc77-4d3d-8d5c-3e13391846d8
[38;5;0m[HTTP][0m [37m<-- GET /wd/hub/session/36f3cac7-dc77-4d3d-8d5c-3e13391846d8/element/00000000-0000-07b6-ffff-ffff00000075/location [39m[32m200[39m [90m39 ms - 77[39m
[38;5;0m[HTTP][0m [90m[39m
[38;5;0m[HTTP][0m [37m-->[39m [37mPOST[39m [37m/wd/hub/session/36f3cac7-dc77-4d3d-8d5c-3e13391846d8/timeouts[39m
[38;5;0m[HTTP][0m [90m{"implicit":30000}[39m
[38;5;0m[HTTP][0m [37m<-- POST /wd/hub/session/36f3cac7-dc77-4d3d-8d5c-3e13391846d8/timeouts [39m[32m200[39m [90m1 ms - 14[39m
[38;5;0m[HTTP][0m [90m[39m
[38;5;0m[HTTP][0m [37m-->[39m [37mPOST[39m [37m/wd/hub/session/36f3cac7-dc77-4d3d-8d5c-3e13391846d8/element/00000000-0000-07b6-ffff-ffff00000075/clear[39m
[38;5;0m[HTTP][0m [90m{"id":"00000000-0000-07b6-ffff-ffff00000075"}[39m
[38;5;0m[HTTP][0m [37m<-- POST /wd/hub/session/36f3cac7-dc77-4d3d-8d5c-3e13391846d8/element/00000000-0000-07b6-ffff-ffff00000075/clear [39m[32m200[39m [90m35 ms - 14[39m
[38;5;0m[HTTP][0m [90m[39m
[38;5;0m[HTTP][0m [37m-->[39m [37mPOST[39m [37m/wd/hub/session/36f3cac7-dc77-4d3d-8d5c-3e13391846d8/element/00000000-0000-07b6-ffff-ffff00000075/click[39m
[38;5;0m[HTTP][0m [90m{"id":"00000000-0000-07b6-ffff-ffff00000075"}[39m
[38;5;0m[HTTP][0m [37m<-- POST /wd/hub/session/36f3cac7-dc77-4d3d-8d5c-3e13391846d8/element/00000000-0000-07b6-ffff-ffff00000075/click [39m[32m200[39m [90m77 ms - 14[39m
[38;5;0m[HTTP][0m [90m[39m
[38;5;0m[HTTP][0m [37m-->[39m [37mPOST[39m [37m/wd/hub/session/36f3cac7-dc77-4d3d-8d5c-3e13391846d8/element/00000000-0000-07b6-ffff-ffff00000075/value[39m
[38;5;0m[HTTP][0m [90m{"id":"00000000-0000-07b6-ffff-ffff00000075","text":"nicehsk","value":["n","i","c","e","h","s","k"]}[39m
[38;5;48m[AndroidUiautomator2Driver@f943 (36f3cac7)][0m Got response with status 400: {"sessionId":"c8e0691b-4c45-4e7c-bda0-b728b326d3bf","value":{"error":"invalid element state","message":"Cannot set the element to 'nicehsk'. Did you interact with the correct element?","stacktrace":"io.appium.uiautomator2.common.exceptions.InvalidElementStateException: Cannot set the element to 'nicehsk'. Did you interact with the correct element?\n\tat io.appium.uiautomator2.handler.SendKeysToElement.setText(SendKeysToElement.java:87)\n\tat io.appium.uiautomator2.handler.SendKeysToElement.safeHandle(SendKeysToElement.java:115)\n\tat io.appium.uiautomator2.handler.request.SafeRequestHandler.handle(SafeRequestHandler.java:59)\n\tat io.appium.uiautomator2.server.AppiumServlet.handleRequest(AppiumServlet.java:259)\n\tat io.appium.uiautomator2.server.AppiumServlet.handleHttpRequest(AppiumServlet.java:253)\n\tat io.appium.uiautomator2.http.ServerHandler.channelRead(ServerHandler.java:77)\n\tat io.netty.channel.AbstractChannelHandlerContext.invokeChannelRead(AbstractChannelHandlerContext.java:366)\n\tat io.netty...
[38;5;0m[HTTP][0m [37m<-- POST /wd/hub/session/36f3cac7-dc77-4d3d-8d5c-3e13391846d8/element/00000000-0000-07b6-ffff-ffff00000075/value [39m[33m400[39m [90m1251 ms - 3894[39m
[38;5;0m[HTTP][0m [90m[39m
[38;5;0m[HTTP][0m [37m-->[39m [37mPOST[39m [37m/wd/hub/session/36f3cac7-dc77-4d3d-8d5c-3e13391846d8/element/00000000-0000-07b6-ffff-ffff00000075/click[39m
[38;5;0m[HTTP][0m [90m{"id":"00000000-0000-07b6-ffff-ffff00000075"}[39m
[38;5;0m[HTTP][0m [37m<-- POST /wd/hub/session/36f3cac7-dc77-4d3d-8d5c-3e13391846d8/element/00000000-0000-07b6-ffff-ffff00000075/click [39m[32m200[39m [90m1202 ms - 14[39m
[38;5;0m[HTTP][0m [90m[39m
[38;5;0m[HTTP][0m [37m-->[39m [37mPOST[39m [37m/wd/hub/session/36f3cac7-dc77-4d3d-8d5c-3e13391846d8/actions[39m
[38;5;0m[HTTP][0m [90m{"actions":[{"type":"key","actions":[{"type":"keyDown","value":"n"},{"type":"keyDown","value":"i"},{"type":"keyDown","value":"c"},{"type":"keyDown","value":"e"},{"type":"keyDown","value":"h"},{"type":"keyDown","value":"s"},{"type":"keyDown","value":"k"}],"id":"keyboard"}]}[39m
[38;5;0m[HTTP][0m [37m<-- POST /wd/hub/session/36f3cac7-dc77-4d3d-8d5c-3e13391846d8/actions [39m[32m200[39m [90m457 ms - 14[39m
[38;5;0m[HTTP][0m [90m[39m
[38;5;0m[HTTP][0m [37m-->[39m [37mPOST[39m [37m/wd/hub/session/36f3cac7-dc77-4d3d-8d5c-3e13391846d8/timeouts[39m
[38;5;0m[HTTP][0m [90m{"implicit":50}[39m
[38;5;0m[HTTP][0m [37m<-- POST /wd/hub/session/36f3cac7-dc77-4d3d-8d5c-3e13391846d8/timeouts [39m[32m200[39m [90m1 ms - 14[39m
[38;5;0m[HTTP][0m [90m[39m
[38;5;0m[HTTP][0m [37m-->[39m [37mGET[39m [37m/wd/hub/session/36f3cac7-dc77-4d3d-8d5c-3e13391846d8/window/rect[39m
[38;5;0m[HTTP][0m [90m{}[39m
[38;5;0m[HTTP][0m [37m<-- GET /wd/hub/session/36f3cac7-dc77-4d3d-8d5c-3e13391846d8/window/rect [39m[32m200[39m [90m51 ms - 50[39m
[38;5;0m[HTTP][0m [90m[39m
[38;5;0m[HTTP][0m [37m-->[39m [37mPOST[39m [37m/wd/hub/session/36f3cac7-dc77-4d3d-8d5c-3e13391846d8/elements[39m
[38;5;0m[HTTP][0m [90m{"using":"xpath","value":"//*[@class = 'android.widget.RelativeLayout' and @resource-id = 'com.Advantage.aShopping:id/AosEditTextLoginPassword' and (@text = '' or . = '')]"}[39m
[38;5;0m[HTTP][0m [37m<-- POST /wd/hub/session/36f3cac7-dc77-4d3d-8d5c-3e13391846d8/elements [39m[32m200[39m [90m758 ms - 139[39m
[38;5;0m[HTTP][0m [90m[39m
[38;5;0m[HTTP][0m [37m-->[39m [37mGET[39m [37m/wd/hub/session/36f3cac7-dc77-4d3d-8d5c-3e13391846d8/element/00000000-0000-07b6-ffff-ffff00000079/location[39m
[38;5;0m[HTTP][0m [90m{}[39m
[38;5;48m[AndroidUiautomator2Driver@f943 (36f3cac7)][0m Driver proxy active, passing request on via HTTP proxy
[38;5;48m[AndroidUiautomator2Driver@f943 (36f3cac7)][0m Replacing sessionId c8e0691b-4c45-4e7c-bda0-b728b326d3bf with 36f3cac7-dc77-4d3d-8d5c-3e13391846d8
[38;5;0m[HTTP][0m [37m<-- GET /wd/hub/session/36f3cac7-dc77-4d3d-8d5c-3e13391846d8/element/00000000-0000-07b6-ffff-ffff00000079/location [39m[32m200[39m [90m31 ms - 77[39m
[38;5;0m[HTTP][0m [90m[39m
[38;5;0m[HTTP][0m [37m-->[39m [37mPOST[39m [37m/wd/hub/session/36f3cac7-dc77-4d3d-8d5c-3e13391846d8/timeouts[39m
[38;5;0m[HTTP][0m [90m{"implicit":30000}[39m
[38;5;0m[HTTP][0m [37m<-- POST /wd/hub/session/36f3cac7-dc77-4d3d-8d5c-3e13391846d8/timeouts [39m[32m200[39m [90m2 ms - 14[39m
[38;5;0m[HTTP][0m [90m[39m
[38;5;0m[HTTP][0m [37m-->[39m [37mPOST[39m [37m/wd/hub/session/36f3cac7-dc77-4d3d-8d5c-3e13391846d8/element/00000000-0000-07b6-ffff-ffff00000079/clear[39m
[38;5;0m[HTTP][0m [90m{"id":"00000000-0000-07b6-ffff-ffff00000079"}[39m
[38;5;0m[HTTP][0m [37m<-- POST /wd/hub/session/36f3cac7-dc77-4d3d-8d5c-3e13391846d8/element/00000000-0000-07b6-ffff-ffff00000079/clear [39m[32m200[39m [90m39 ms - 14[39m
[38;5;0m[HTTP][0m [90m[39m
[38;5;0m[HTTP][0m [37m-->[39m [37mPOST[39m [37m/wd/hub/session/36f3cac7-dc77-4d3d-8d5c-3e13391846d8/element/00000000-0000-07b6-ffff-ffff00000079/click[39m
[38;5;0m[HTTP][0m [90m{"id":"00000000-0000-07b6-ffff-ffff00000079"}[39m
[38;5;0m[HTTP][0m [37m<-- POST /wd/hub/session/36f3cac7-dc77-4d3d-8d5c-3e13391846d8/element/00000000-0000-07b6-ffff-ffff00000079/click [39m[32m200[39m [90m73 ms - 14[39m
[38;5;0m[HTTP][0m [90m[39m
[38;5;0m[HTTP][0m [37m-->[39m [37mPOST[39m [37m/wd/hub/session/36f3cac7-dc77-4d3d-8d5c-3e13391846d8/element/00000000-0000-07b6-ffff-ffff00000079/value[39m
[38;5;0m[HTTP][0m [90m{"id":"00000000-0000-07b6-ffff-ffff00000079","text":"Bumblebee1","value":["B","u","m","b","l","e","b","e","e","1"]}[39m
[38;5;48m[AndroidUiautomator2Driver@f943 (36f3cac7)][0m Got response with status 400: {"sessionId":"c8e0691b-4c45-4e7c-bda0-b728b326d3bf","value":{"error":"invalid element state","message":"Cannot set the element to 'Bumblebee1'. Did you interact with the correct element?","stacktrace":"io.appium.uiautomator2.common.exceptions.InvalidElementStateException: Cannot set the element to 'Bumblebee1'. Did you interact with the correct element?\n\tat io.appium.uiautomator2.handler.SendKeysToElement.setText(SendKeysToElement.java:87)\n\tat io.appium.uiautomator2.handler.SendKeysToElement.safeHandle(SendKeysToElement.java:115)\n\tat io.appium.uiautomator2.handler.request.SafeRequestHandler.handle(SafeRequestHandler.java:59)\n\tat io.appium.uiautomator2.server.AppiumServlet.handleRequest(AppiumServlet.java:259)\n\tat io.appium.uiautomator2.server.AppiumServlet.handleHttpRequest(AppiumServlet.java:253)\n\tat io.appium.uiautomator2.http.ServerHandler.channelRead(ServerHandler.java:77)\n\tat io.netty.channel.AbstractChannelHandlerContext.invokeChannelRead(AbstractChannelHandlerContext.java:366)\n\tat io...
[38;5;0m[HTTP][0m [37m<-- POST /wd/hub/session/36f3cac7-dc77-4d3d-8d5c-3e13391846d8/element/00000000-0000-07b6-ffff-ffff00000079/value [39m[33m400[39m [90m769 ms - 3900[39m
[38;5;0m[HTTP][0m [90m[39m
[38;5;0m[HTTP][0m [37m-->[39m [37mPOST[39m [37m/wd/hub/session/36f3cac7-dc77-4d3d-8d5c-3e13391846d8/element/00000000-0000-07b6-ffff-ffff00000079/click[39m
[38;5;0m[HTTP][0m [90m{"id":"00000000-0000-07b6-ffff-ffff00000079"}[39m
[38;5;0m[HTTP][0m [37m<-- POST /wd/hub/session/36f3cac7-dc77-4d3d-8d5c-3e13391846d8/element/00000000-0000-07b6-ffff-ffff00000079/click [39m[32m200[39m [90m692 ms - 14[39m
[38;5;0m[HTTP][0m [90m[39m
[38;5;0m[HTTP][0m [37m-->[39m [37mPOST[39m [37m/wd/hub/session/36f3cac7-dc77-4d3d-8d5c-3e13391846d8/actions[39m
[38;5;0m[HTTP][0m [90m{"actions":[{"type":"key","actions":[{"type":"keyDown","value":"B"},{"type":"keyDown","value":"u"},{"type":"keyDown","value":"m"},{"type":"keyDown","value":"b"},{"type":"keyDown","value":"l"},{"type":"keyDown","value":"e"},{"type":"keyDown","value":"b"},{"type":"keyDown","value":"e"},{"type":"keyDown","value":"e"},{"type":"keyDown","value":"1"}],"id":"keyboard"}]}[39m
[38;5;0m[HTTP][0m [37m<-- POST /wd/hub/session/36f3cac7-dc77-4d3d-8d5c-3e13391846d8/actions [39m[32m200[39m [90m455 ms - 14[39m
[38;5;0m[HTTP][0m [90m[39m
[38;5;0m[HTTP][0m [37m-->[39m [37mPOST[39m [37m/wd/hub/session/36f3cac7-dc77-4d3d-8d5c-3e13391846d8/timeouts[39m
[38;5;0m[HTTP][0m [90m{"implicit":50}[39m
[38;5;0m[HTTP][0m [37m<-- POST /wd/hub/session/36f3cac7-dc77-4d3d-8d5c-3e13391846d8/timeouts [39m[32m200[39m [90m2 ms - 14[39m
[38;5;0m[HTTP][0m [90m[39m
[38;5;0m[HTTP][0m [37m-->[39m [37mGET[39m [37m/wd/hub/session/36f3cac7-dc77-4d3d-8d5c-3e13391846d8/window/rect[39m
[38;5;0m[HTTP][0m [90m{}[39m
[38;5;0m[HTTP][0m [37m<-- GET /wd/hub/session/36f3cac7-dc77-4d3d-8d5c-3e13391846d8/window/rect [39m[32m200[39m [90m20 ms - 50[39m
[38;5;0m[HTTP][0m [90m[39m
[38;5;0m[HTTP][0m [37m-->[39m [37mPOST[39m [37m/wd/hub/session/36f3cac7-dc77-4d3d-8d5c-3e13391846d8/elements[39m
[38;5;0m[HTTP][0m [90m{"using":"xpath","value":"//*[@class = 'android.widget.Button' and (@text = 'LOGIN' or . = 'LOGIN') and @resource-id = 'com.Advantage.aShopping:id/buttonLogin']"}[39m
[38;5;0m[HTTP][0m [37m<-- POST /wd/hub/session/36f3cac7-dc77-4d3d-8d5c-3e13391846d8/elements [39m[32m200[39m [90m778 ms - 139[39m
[38;5;0m[HTTP][0m [90m[39m
[38;5;0m[HTTP][0m [37m-->[39m [37mGET[39m [37m/wd/hub/session/36f3cac7-dc77-4d3d-8d5c-3e13391846d8/element/00000000-0000-07b6-ffff-ffff00000081/location[39m
[38;5;0m[HTTP][0m [90m{}[39m
[38;5;48m[AndroidUiautomator2Driver@f943 (36f3cac7)][0m Driver proxy active, passing request on via HTTP proxy
[38;5;48m[AndroidUiautomator2Driver@f943 (36f3cac7)][0m Replacing sessionId c8e0691b-4c45-4e7c-bda0-b728b326d3bf with 36f3cac7-dc77-4d3d-8d5c-3e13391846d8
[38;5;0m[HTTP][0m [37m<-- GET /wd/hub/session/36f3cac7-dc77-4d3d-8d5c-3e13391846d8/element/00000000-0000-07b6-ffff-ffff00000081/location [39m[32m200[39m [90m33 ms - 78[39m
[38;5;0m[HTTP][0m [90m[39m
[38;5;0m[HTTP][0m [37m-->[39m [37mPOST[39m [37m/wd/hub/session/36f3cac7-dc77-4d3d-8d5c-3e13391846d8/timeouts[39m
[38;5;0m[HTTP][0m [90m{"implicit":30000}[39m
[38;5;0m[HTTP][0m [37m<-- POST /wd/hub/session/36f3cac7-dc77-4d3d-8d5c-3e13391846d8/timeouts [39m[32m200[39m [90m1 ms - 14[39m
[38;5;0m[HTTP][0m [90m[39m
[38;5;0m[HTTP][0m [37m-->[39m [37mPOST[39m [37m/wd/hub/session/36f3cac7-dc77-4d3d-8d5c-3e13391846d8/element/00000000-0000-07b6-ffff-ffff00000081/click[39m
[38;5;0m[HTTP][0m [90m{"id":"00000000-0000-07b6-ffff-ffff00000081"}[39m
[38;5;0m[HTTP][0m [37m<-- POST /wd/hub/session/36f3cac7-dc77-4d3d-8d5c-3e13391846d8/element/00000000-0000-07b6-ffff-ffff00000081/click [39m[32m200[39m [90m72 ms - 14[39m
[38;5;0m[HTTP][0m [90m[39m
[38;5;0m[HTTP][0m [37m-->[39m [37mPOST[39m [37m/wd/hub/session/36f3cac7-dc77-4d3d-8d5c-3e13391846d8/timeouts[39m
[38;5;0m[HTTP][0m [90m{"implicit":50}[39m
[38;5;0m[HTTP][0m [37m<-- POST /wd/hub/session/36f3cac7-dc77-4d3d-8d5c-3e13391846d8/timeouts [39m[32m200[39m [90m1 ms - 14[39m
[38;5;0m[HTTP][0m [90m[39m
[38;5;0m[HTTP][0m [37m-->[39m [37mGET[39m [37m/wd/hub/session/36f3cac7-dc77-4d3d-8d5c-3e13391846d8/window/rect[39m
[38;5;0m[HTTP][0m [90m{}[39m
[38;5;0m[HTTP][0m [37m<-- GET /wd/hub/session/36f3cac7-dc77-4d3d-8d5c-3e13391846d8/window/rect [39m[32m200[39m [90m23 ms - 50[39m
[38;5;0m[HTTP][0m [90m[39m
[38;5;0m[HTTP][0m [37m-->[39m [37mPOST[39m [37m/wd/hub/session/36f3cac7-dc77-4d3d-8d5c-3e13391846d8/elements[39m
[38;5;0m[HTTP][0m [90m{"using":"xpath","value":"//*[@class = 'android.widget.Button' and (@text = 'NO' or . = 'NO') and @resource-id = 'android:id/button2']"}[39m
[38;5;0m[HTTP][0m [37m<-- POST /wd/hub/session/36f3cac7-dc77-4d3d-8d5c-3e13391846d8/elements [39m[32m200[39m [90m849 ms - 12[39m
[38;5;0m[HTTP][0m [90m[39m
[38;5;0m[HTTP][0m [37m-->[39m [37mPOST[39m [37m/wd/hub/session/36f3cac7-dc77-4d3d-8d5c-3e13391846d8/elements[39m
[38;5;0m[HTTP][0m [90m{"using":"xpath","value":"//*[@class = 'android.widget.Button' and (@text = 'NO' or . = 'NO') and @resource-id = 'android:id/button2']"}[39m
[38;5;0m[HTTP][0m [37m<-- POST /wd/hub/session/36f3cac7-dc77-4d3d-8d5c-3e13391846d8/elements [39m[32m200[39m [90m85 ms - 12[39m
[38;5;0m[HTTP][0m [90m[39m
[38;5;0m[HTTP][0m [37m-->[39m [37mPOST[39m [37m/wd/hub/session/36f3cac7-dc77-4d3d-8d5c-3e13391846d8/elements[39m
[38;5;0m[HTTP][0m [90m{"using":"xpath","value":"//*[@class = 'android.widget.Button' and (@text = 'NO' or . = 'NO') and @resource-id = 'android:id/button2']"}[39m
[38;5;0m[HTTP][0m [37m<-- POST /wd/hub/session/36f3cac7-dc77-4d3d-8d5c-3e13391846d8/elements [39m[32m200[39m [90m204 ms - 12[39m
[38;5;0m[HTTP][0m [90m[39m
[38;5;0m[HTTP][0m [37m-->[39m [37mPOST[39m [37m/wd/hub/session/36f3cac7-dc77-4d3d-8d5c-3e13391846d8/elements[39m
[38;5;0m[HTTP][0m [90m{"using":"xpath","value":"//*[@class = 'android.widget.Button' and (@text = 'NO' or . = 'NO') and @resource-id = 'android:id/button2']"}[39m
[38;5;0m[HTTP][0m [37m<-- POST /wd/hub/session/36f3cac7-dc77-4d3d-8d5c-3e13391846d8/elements [39m[32m200[39m [90m162 ms - 12[39m
[38;5;0m[HTTP][0m [90m[39m
[38;5;0m[HTTP][0m [37m-->[39m [37mPOST[39m [37m/wd/hub/session/36f3cac7-dc77-4d3d-8d5c-3e13391846d8/elements[39m
[38;5;0m[HTTP][0m [90m{"using":"xpath","value":"//*[@class = 'android.widget.Button' and (@text = 'NO' or . = 'NO') and @resource-id = 'android:id/button2']"}[39m
[38;5;0m[HTTP][0m [37m<-- POST /wd/hub/session/36f3cac7-dc77-4d3d-8d5c-3e13391846d8/elements [39m[32m200[39m [90m192 ms - 12[39m
[38;5;0m[HTTP][0m [90m[39m
[38;5;0m[HTTP][0m [37m-->[39m [37mPOST[39m [37m/wd/hub/session/36f3cac7-dc77-4d3d-8d5c-3e13391846d8/elements[39m
[38;5;0m[HTTP][0m [90m{"using":"xpath","value":"//*[@class = 'android.widget.Button' and (@text = 'NO' or . = 'NO') and @resource-id = 'android:id/button2']"}[39m
[38;5;0m[HTTP][0m [37m<-- POST /wd/hub/session/36f3cac7-dc77-4d3d-8d5c-3e13391846d8/elements [39m[32m200[39m [90m391 ms - 12[39m
[38;5;0m[HTTP][0m [90m[39m
[38;5;0m[HTTP][0m [37m-->[39m [37mPOST[39m [37m/wd/hub/session/36f3cac7-dc77-4d3d-8d5c-3e13391846d8/elements[39m
[38;5;0m[HTTP][0m [90m{"using":"xpath","value":"//*[@class = 'android.widget.Button' and (@text = 'NO' or . = 'NO') and @resource-id = 'android:id/button2']"}[39m
[38;5;0m[HTTP][0m [37m<-- POST /wd/hub/session/36f3cac7-dc77-4d3d-8d5c-3e13391846d8/elements [39m[32m200[39m [90m575 ms - 139[39m
[38;5;0m[HTTP][0m [90m[39m
[38;5;0m[HTTP][0m [37m-->[39m [37mGET[39m [37m/wd/hub/session/36f3cac7-dc77-4d3d-8d5c-3e13391846d8/element/00000000-0000-07b9-ffff-ffff000000bb/location[39m
[38;5;0m[HTTP][0m [90m{}[39m
[38;5;48m[AndroidUiautomator2Driver@f943 (36f3cac7)][0m Driver proxy active, passing request on via HTTP proxy
[38;5;48m[AndroidUiautomator2Driver@f943 (36f3cac7)][0m Replacing sessionId c8e0691b-4c45-4e7c-bda0-b728b326d3bf with 36f3cac7-dc77-4d3d-8d5c-3e13391846d8
[38;5;0m[HTTP][0m [37m<-- GET /wd/hub/session/36f3cac7-dc77-4d3d-8d5c-3e13391846d8/element/00000000-0000-07b9-ffff-ffff000000bb/location [39m[32m200[39m [90m41 ms - 79[39m
[38;5;0m[HTTP][0m [90m[39m
[38;5;0m[HTTP][0m [37m-->[39m [37mPOST[39m [37m/wd/hub/session/36f3cac7-dc77-4d3d-8d5c-3e13391846d8/timeouts[39m
[38;5;0m[HTTP][0m [90m{"implicit":30000}[39m
[38;5;0m[HTTP][0m [37m<-- POST /wd/hub/session/36f3cac7-dc77-4d3d-8d5c-3e13391846d8/timeouts [39m[32m200[39m [90m1 ms - 14[39m
[38;5;0m[HTTP][0m [90m[39m
[38;5;0m[HTTP][0m [37m-->[39m [37mPOST[39m [37m/wd/hub/session/36f3cac7-dc77-4d3d-8d5c-3e13391846d8/element/00000000-0000-07b9-ffff-ffff000000bb/click[39m
[38;5;0m[HTTP][0m [90m{"id":"00000000-0000-07b9-ffff-ffff000000bb"}[39m
[38;5;0m[HTTP][0m [37m<-- POST /wd/hub/session/36f3cac7-dc77-4d3d-8d5c-3e13391846d8/element/00000000-0000-07b9-ffff-ffff000000bb/click [39m[32m200[39m [90m72 ms - 14[39m
[38;5;0m[HTTP][0m [90m[39m
[38;5;0m[HTTP][0m [37m-->[39m [37mPOST[39m [37m/wd/hub/session/36f3cac7-dc77-4d3d-8d5c-3e13391846d8/timeouts[39m
[38;5;0m[HTTP][0m [90m{"implicit":50}[39m
[38;5;0m[HTTP][0m [37m<-- POST /wd/hub/session/36f3cac7-dc77-4d3d-8d5c-3e13391846d8/timeouts [39m[32m200[39m [90m1 ms - 14[39m
[38;5;0m[HTTP][0m [90m[39m
[38;5;0m[HTTP][0m [37m-->[39m [37mGET[39m [37m/wd/hub/session/36f3cac7-dc77-4d3d-8d5c-3e13391846d8/window/rect[39m
[38;5;0m[HTTP][0m [90m{}[39m
[38;5;0m[HTTP][0m [37m<-- GET /wd/hub/session/36f3cac7-dc77-4d3d-8d5c-3e13391846d8/window/rect [39m[32m200[39m [90m12 ms - 50[39m
[38;5;0m[HTTP][0m [90m[39m
[38;5;0m[HTTP][0m [37m-->[39m [37mPOST[39m [37m/wd/hub/session/36f3cac7-dc77-4d3d-8d5c-3e13391846d8/elements[39m
[38;5;0m[HTTP][0m [90m{"using":"xpath","value":"//*[@class = 'android.widget.EditText' and (@text = 'Search' or . = 'Search') and @resource-id = 'com.Advantage.aShopping:id/editTextSearch']"}[39m
[38;5;0m[HTTP][0m [37m<-- POST /wd/hub/session/36f3cac7-dc77-4d3d-8d5c-3e13391846d8/elements [39m[32m200[39m [90m522 ms - 139[39m
[38;5;0m[HTTP][0m [90m[39m
[38;5;0m[HTTP][0m [37m-->[39m [37mGET[39m [37m/wd/hub/session/36f3cac7-dc77-4d3d-8d5c-3e13391846d8/element/00000000-0000-07b5-ffff-ffff0000001f/location[39m
[38;5;0m[HTTP][0m [90m{}[39m
[38;5;48m[AndroidUiautomator2Driver@f943 (36f3cac7)][0m Driver proxy active, passing request on via HTTP proxy
[38;5;48m[AndroidUiautomator2Driver@f943 (36f3cac7)][0m Replacing sessionId c8e0691b-4c45-4e7c-bda0-b728b326d3bf with 36f3cac7-dc77-4d3d-8d5c-3e13391846d8
[38;5;0m[HTTP][0m [37m<-- GET /wd/hub/session/36f3cac7-dc77-4d3d-8d5c-3e13391846d8/element/00000000-0000-07b5-ffff-ffff0000001f/location [39m[32m200[39m [90m836 ms - 76[39m
[38;5;0m[HTTP][0m [90m[39m
[38;5;0m[HTTP][0m [37m-->[39m [37mPOST[39m [37m/wd/hub/session/36f3cac7-dc77-4d3d-8d5c-3e13391846d8/timeouts[39m
[38;5;0m[HTTP][0m [90m{"implicit":30000}[39m
[38;5;0m[HTTP][0m [37m<-- POST /wd/hub/session/36f3cac7-dc77-4d3d-8d5c-3e13391846d8/timeouts [39m[32m200[39m [90m2 ms - 14[39m
[38;5;0m[HTTP][0m [90m[39m
[38;5;0m[HTTP][0m [37m-->[39m [37mPOST[39m [37m/wd/hub/session/36f3cac7-dc77-4d3d-8d5c-3e13391846d8/element/00000000-0000-07b5-ffff-ffff0000001f/clear[39m
[38;5;0m[HTTP][0m [90m{"id":"00000000-0000-07b5-ffff-ffff0000001f"}[39m
[38;5;0m[HTTP][0m [37m<-- POST /wd/hub/session/36f3cac7-dc77-4d3d-8d5c-3e13391846d8/element/00000000-0000-07b5-ffff-ffff0000001f/clear [39m[32m200[39m [90m635 ms - 14[39m
[38;5;0m[HTTP][0m [90m[39m
[38;5;0m[HTTP][0m [37m-->[39m [37mPOST[39m [37m/wd/hub/session/36f3cac7-dc77-4d3d-8d5c-3e13391846d8/element/00000000-0000-07b5-ffff-ffff0000001f/click[39m
[38;5;0m[HTTP][0m [90m{"id":"00000000-0000-07b5-ffff-ffff0000001f"}[39m
[38;5;0m[HTTP][0m [37m<-- POST /wd/hub/session/36f3cac7-dc77-4d3d-8d5c-3e13391846d8/element/00000000-0000-07b5-ffff-ffff0000001f/click [39m[32m200[39m [90m647 ms - 14[39m
[38;5;0m[HTTP][0m [90m[39m
[38;5;0m[HTTP][0m [37m-->[39m [37mPOST[39m [37m/wd/hub/session/36f3cac7-dc77-4d3d-8d5c-3e13391846d8/element/00000000-0000-07b5-ffff-ffff0000001f/value[39m
[38;5;0m[HTTP][0m [90m{"id":"00000000-0000-07b5-ffff-ffff0000001f","text":"pavilion","value":["p","a","v","i","l","i","o","n"]}[39m
[38;5;0m[HTTP][0m [37m<-- POST /wd/hub/session/36f3cac7-dc77-4d3d-8d5c-3e13391846d8/element/00000000-0000-07b5-ffff-ffff0000001f/value [39m[32m200[39m [90m2137 ms - 14[39m
[38;5;0m[HTTP][0m [90m[39m
[38;5;0m[HTTP][0m [37m-->[39m [37mPOST[39m [37m/wd/hub/session/36f3cac7-dc77-4d3d-8d5c-3e13391846d8/timeouts[39m
[38;5;0m[HTTP][0m [90m{"implicit":50}[39m
[38;5;0m[HTTP][0m [37m<-- POST /wd/hub/session/36f3cac7-dc77-4d3d-8d5c-3e13391846d8/timeouts [39m[32m200[39m [90m1 ms - 14[39m
[38;5;0m[HTTP][0m [90m[39m
[38;5;0m[HTTP][0m [37m-->[39m [37mGET[39m [37m/wd/hub/session/36f3cac7-dc77-4d3d-8d5c-3e13391846d8/window/rect[39m
[38;5;0m[HTTP][0m [90m{}[39m
[38;5;0m[HTTP][0m [37m<-- GET /wd/hub/session/36f3cac7-dc77-4d3d-8d5c-3e13391846d8/window/rect [39m[32m200[39m [90m53 ms - 50[39m
[38;5;0m[HTTP][0m [90m[39m
[38;5;0m[HTTP][0m [37m-->[39m [37mPOST[39m [37m/wd/hub/session/36f3cac7-dc77-4d3d-8d5c-3e13391846d8/elements[39m
[38;5;0m[HTTP][0m [90m{"using":"xpath","value":"//*[@class = 'android.widget.ImageView' and @resource-id = 'com.Advantage.aShopping:id/imageViewSearch' and (@text = '' or . = '')]"}[39m
[38;5;0m[HTTP][0m [37m<-- POST /wd/hub/session/36f3cac7-dc77-4d3d-8d5c-3e13391846d8/elements [39m[32m200[39m [90m1522 ms - 139[39m
[38;5;0m[HTTP][0m [90m[39m
[38;5;0m[HTTP][0m [37m-->[39m [37mGET[39m [37m/wd/hub/session/36f3cac7-dc77-4d3d-8d5c-3e13391846d8/element/00000000-0000-07b5-ffff-ffff00000020/location[39m
[38;5;0m[HTTP][0m [90m{}[39m
[38;5;48m[AndroidUiautomator2Driver@f943 (36f3cac7)][0m Driver proxy active, passing request on via HTTP proxy
[38;5;48m[AndroidUiautomator2Driver@f943 (36f3cac7)][0m Replacing sessionId c8e0691b-4c45-4e7c-bda0-b728b326d3bf with 36f3cac7-dc77-4d3d-8d5c-3e13391846d8
[38;5;0m[HTTP][0m [37m<-- GET /wd/hub/session/36f3cac7-dc77-4d3d-8d5c-3e13391846d8/element/00000000-0000-07b5-ffff-ffff00000020/location [39m[32m200[39m [90m519 ms - 78[39m
[38;5;0m[HTTP][0m [90m[39m
[38;5;0m[HTTP][0m [37m-->[39m [37mPOST[39m [37m/wd/hub/session/36f3cac7-dc77-4d3d-8d5c-3e13391846d8/timeouts[39m
[38;5;0m[HTTP][0m [90m{"implicit":30000}[39m
[38;5;0m[HTTP][0m [37m<-- POST /wd/hub/session/36f3cac7-dc77-4d3d-8d5c-3e13391846d8/timeouts [39m[32m200[39m [90m1 ms - 14[39m
[38;5;0m[HTTP][0m [90m[39m
[38;5;0m[HTTP][0m [37m-->[39m [37mPOST[39m [37m/wd/hub/session/36f3cac7-dc77-4d3d-8d5c-3e13391846d8/element/00000000-0000-07b5-ffff-ffff00000020/click[39m
[38;5;0m[HTTP][0m [90m{"id":"00000000-0000-07b5-ffff-ffff00000020"}[39m
[38;5;0m[HTTP][0m [37m<-- POST /wd/hub/session/36f3cac7-dc77-4d3d-8d5c-3e13391846d8/element/00000000-0000-07b5-ffff-ffff00000020/click [39m[32m200[39m [90m77 ms - 14[39m
[38;5;0m[HTTP][0m [90m[39m
[38;5;0m[HTTP][0m [37m-->[39m [37mPOST[39m [37m/wd/hub/session/36f3cac7-dc77-4d3d-8d5c-3e13391846d8/timeouts[39m
[38;5;0m[HTTP][0m [90m{"implicit":50}[39m
[38;5;0m[HTTP][0m [37m<-- POST /wd/hub/session/36f3cac7-dc77-4d3d-8d5c-3e13391846d8/timeouts [39m[32m200[39m [90m1 ms - 14[39m
[38;5;0m[HTTP][0m [90m[39m
[38;5;0m[HTTP][0m [37m-->[39m [37mGET[39m [37m/wd/hub/session/36f3cac7-dc77-4d3d-8d5c-3e13391846d8/window/rect[39m
[38;5;0m[HTTP][0m [90m{}[39m
[38;5;0m[HTTP][0m [37m<-- GET /wd/hub/session/36f3cac7-dc77-4d3d-8d5c-3e13391846d8/window/rect [39m[32m200[39m [90m25 ms - 50[39m
[38;5;0m[HTTP][0m [90m[39m
[38;5;0m[HTTP][0m [37m-->[39m [37mPOST[39m [37m/wd/hub/session/36f3cac7-dc77-4d3d-8d5c-3e13391846d8/elements[39m
[38;5;0m[HTTP][0m [90m{"using":"xpath","value":"//hierarchy/android.widget.FrameLayout[1]/android.widget.LinearLayout[1]/android.widget.FrameLayout[1]/android.widget.LinearLayout[1]/android.widget.FrameLayout[1]/androidx.drawerlayout.widget.DrawerLayout[1]/android.view.ViewGroup[1]/android.widget.LinearLayout[2]/android.widget.RelativeLayout[1]/android.widget.LinearLayout[1]/android.widget.GridView[1]/android.widget.RelativeLayout[1]"}[39m
[38;5;0m[HTTP][0m [37m<-- POST /wd/hub/session/36f3cac7-dc77-4d3d-8d5c-3e13391846d8/elements [39m[32m200[39m [90m1536 ms - 139[39m
[38;5;0m[HTTP][0m [90m[39m
[38;5;0m[HTTP][0m [37m-->[39m [37mGET[39m [37m/wd/hub/session/36f3cac7-dc77-4d3d-8d5c-3e13391846d8/element/00000000-0000-07b5-ffff-ffff000000c7/location[39m
[38;5;0m[HTTP][0m [90m{}[39m
[38;5;48m[AndroidUiautomator2Driver@f943 (36f3cac7)][0m Driver proxy active, passing request on via HTTP proxy
[38;5;48m[AndroidUiautomator2Driver@f943 (36f3cac7)][0m Replacing sessionId c8e0691b-4c45-4e7c-bda0-b728b326d3bf with 36f3cac7-dc77-4d3d-8d5c-3e13391846d8
[38;5;0m[HTTP][0m [37m<-- GET /wd/hub/session/36f3cac7-dc77-4d3d-8d5c-3e13391846d8/element/00000000-0000-07b5-ffff-ffff000000c7/location [39m[32m200[39m [90m34 ms - 76[39m
[38;5;0m[HTTP][0m [90m[39m
[38;5;0m[HTTP][0m [37m-->[39m [37mPOST[39m [37m/wd/hub/session/36f3cac7-dc77-4d3d-8d5c-3e13391846d8/timeouts[39m
[38;5;0m[HTTP][0m [90m{"implicit":30000}[39m
[38;5;0m[HTTP][0m [37m<-- POST /wd/hub/session/36f3cac7-dc77-4d3d-8d5c-3e13391846d8/timeouts [39m[32m200[39m [90m1 ms - 14[39m
[38;5;0m[HTTP][0m [90m[39m
[38;5;0m[HTTP][0m [37m-->[39m [37mPOST[39m [37m/wd/hub/session/36f3cac7-dc77-4d3d-8d5c-3e13391846d8/element/00000000-0000-07b5-ffff-ffff000000c7/click[39m
[38;5;0m[HTTP][0m [90m{"id":"00000000-0000-07b5-ffff-ffff000000c7"}[39m
[38;5;0m[HTTP][0m [37m<-- POST /wd/hub/session/36f3cac7-dc77-4d3d-8d5c-3e13391846d8/element/00000000-0000-07b5-ffff-ffff000000c7/click [39m[32m200[39m [90m1514 ms - 14[39m
[38;5;0m[HTTP][0m [90m[39m
[38;5;0m[HTTP][0m [37m-->[39m [37mPOST[39m [37m/wd/hub/session/36f3cac7-dc77-4d3d-8d5c-3e13391846d8/timeouts[39m
[38;5;0m[HTTP][0m [90m{"implicit":50}[39m
[38;5;0m[HTTP][0m [37m<-- POST /wd/hub/session/36f3cac7-dc77-4d3d-8d5c-3e13391846d8/timeouts [39m[32m200[39m [90m1 ms - 14[39m
[38;5;0m[HTTP][0m [90m[39m
[38;5;0m[HTTP][0m [37m-->[39m [37mGET[39m [37m/wd/hub/session/36f3cac7-dc77-4d3d-8d5c-3e13391846d8/window/rect[39m
[38;5;0m[HTTP][0m [90m{}[39m
[38;5;0m[HTTP][0m [37m<-- GET /wd/hub/session/36f3cac7-dc77-4d3d-8d5c-3e13391846d8/window/rect [39m[32m200[39m [90m58 ms - 50[39m
[38;5;0m[HTTP][0m [90m[39m
[38;5;0m[HTTP][0m [37m-->[39m [37mPOST[39m [37m/wd/hub/session/36f3cac7-dc77-4d3d-8d5c-3e13391846d8/elements[39m
[38;5;0m[HTTP][0m [90m{"using":"xpath","value":"//*[@class = 'android.widget.LinearLayout' and @resource-id = 'com.Advantage.aShopping:id/linearLayoutProductQuantity' and (@text = '' or . = '')]"}[39m
[38;5;0m[HTTP][0m [37m<-- POST /wd/hub/session/36f3cac7-dc77-4d3d-8d5c-3e13391846d8/elements [39m[32m200[39m [90m369 ms - 139[39m
[38;5;0m[HTTP][0m [90m[39m
[38;5;0m[HTTP][0m [37m-->[39m [37mGET[39m [37m/wd/hub/session/36f3cac7-dc77-4d3d-8d5c-3e13391846d8/element/00000000-0000-07ba-ffff-ffff00000113/location[39m
[38;5;0m[HTTP][0m [90m{}[39m
[38;5;48m[AndroidUiautomator2Driver@f943 (36f3cac7)][0m Driver proxy active, passing request on via HTTP proxy
[38;5;48m[AndroidUiautomator2Driver@f943 (36f3cac7)][0m Replacing sessionId c8e0691b-4c45-4e7c-bda0-b728b326d3bf with 36f3cac7-dc77-4d3d-8d5c-3e13391846d8
[38;5;0m[HTTP][0m [37m<-- GET /wd/hub/session/36f3cac7-dc77-4d3d-8d5c-3e13391846d8/element/00000000-0000-07ba-ffff-ffff00000113/location [39m[32m200[39m [90m29 ms - 77[39m
[38;5;0m[HTTP][0m [90m[39m
[38;5;0m[HTTP][0m [37m-->[39m [37mPOST[39m [37m/wd/hub/session/36f3cac7-dc77-4d3d-8d5c-3e13391846d8/timeouts[39m
[38;5;0m[HTTP][0m [90m{"implicit":30000}[39m
[38;5;0m[HTTP][0m [37m<-- POST /wd/hub/session/36f3cac7-dc77-4d3d-8d5c-3e13391846d8/timeouts [39m[32m200[39m [90m1 ms - 14[39m
[38;5;0m[HTTP][0m [90m[39m
[38;5;0m[HTTP][0m [37m-->[39m [37mPOST[39m [37m/wd/hub/session/36f3cac7-dc77-4d3d-8d5c-3e13391846d8/element/00000000-0000-07ba-ffff-ffff00000113/click[39m
[38;5;0m[HTTP][0m [90m{"id":"00000000-0000-07ba-ffff-ffff00000113"}[39m
[38;5;0m[HTTP][0m [37m<-- POST /wd/hub/session/36f3cac7-dc77-4d3d-8d5c-3e13391846d8/element/00000000-0000-07ba-ffff-ffff00000113/click [39m[32m200[39m [90m67 ms - 14[39m
[38;5;0m[HTTP][0m [90m[39m
[38;5;0m[HTTP][0m [37m-->[39m [37mPOST[39m [37m/wd/hub/session/36f3cac7-dc77-4d3d-8d5c-3e13391846d8/timeouts[39m
[38;5;0m[HTTP][0m [90m{"implicit":50}[39m
[38;5;0m[HTTP][0m [37m<-- POST /wd/hub/session/36f3cac7-dc77-4d3d-8d5c-3e13391846d8/timeouts [39m[32m200[39m [90m1 ms - 14[39m
[38;5;0m[HTTP][0m [90m[39m
[38;5;0m[HTTP][0m [37m-->[39m [37mGET[39m [37m/wd/hub/session/36f3cac7-dc77-4d3d-8d5c-3e13391846d8/window/rect[39m
[38;5;0m[HTTP][0m [90m{}[39m
[38;5;0m[HTTP][0m [37m<-- GET /wd/hub/session/36f3cac7-dc77-4d3d-8d5c-3e13391846d8/window/rect [39m[32m200[39m [90m10 ms - 50[39m
[38;5;0m[HTTP][0m [90m[39m
[38;5;0m[HTTP][0m [37m-->[39m [37mPOST[39m [37m/wd/hub/session/36f3cac7-dc77-4d3d-8d5c-3e13391846d8/elements[39m
[38;5;0m[HTTP][0m [90m{"using":"xpath","value":"//hierarchy/android.widget.FrameLayout[1]/android.widget.LinearLayout[1]/android.widget.FrameLayout[1]/android.widget.LinearLayout[1]/android.widget.FrameLayout[1]/android.widget.RelativeLayout[1]/android.widget.LinearLayout[2]/android.widget.ImageView[2]"}[39m
[38;5;0m[HTTP][0m [37m<-- POST /wd/hub/session/36f3cac7-dc77-4d3d-8d5c-3e13391846d8/elements [39m[32m200[39m [90m171 ms - 12[39m
[38;5;0m[HTTP][0m [90m[39m
[38;5;0m[HTTP][0m [37m-->[39m [37mPOST[39m [37m/wd/hub/session/36f3cac7-dc77-4d3d-8d5c-3e13391846d8/elements[39m
[38;5;0m[HTTP][0m [90m{"using":"xpath","value":"//hierarchy/android.widget.FrameLayout[1]/android.widget.LinearLayout[1]/android.widget.FrameLayout[1]/android.widget.LinearLayout[1]/android.widget.FrameLayout[1]/android.widget.RelativeLayout[1]/android.widget.LinearLayout[2]/android.widget.ImageView[2]"}[39m
[38;5;0m[HTTP][0m [37m<-- POST /wd/hub/session/36f3cac7-dc77-4d3d-8d5c-3e13391846d8/elements [39m[32m200[39m [90m1245 ms - 139[39m
[38;5;0m[HTTP][0m [90m[39m
[38;5;0m[HTTP][0m [37m-->[39m [37mGET[39m [37m/wd/hub/session/36f3cac7-dc77-4d3d-8d5c-3e13391846d8/element/00000000-0000-07bb-ffff-ffff00000134/location[39m
[38;5;0m[HTTP][0m [90m{}[39m
[38;5;48m[AndroidUiautomator2Driver@f943 (36f3cac7)][0m Driver proxy active, passing request on via HTTP proxy
[38;5;48m[AndroidUiautomator2Driver@f943 (36f3cac7)][0m Replacing sessionId c8e0691b-4c45-4e7c-bda0-b728b326d3bf with 36f3cac7-dc77-4d3d-8d5c-3e13391846d8
[38;5;0m[HTTP][0m [37m<-- GET /wd/hub/session/36f3cac7-dc77-4d3d-8d5c-3e13391846d8/element/00000000-0000-07bb-ffff-ffff00000134/location [39m[32m200[39m [90m34 ms - 78[39m
[38;5;0m[HTTP][0m [90m[39m
[38;5;0m[HTTP][0m [37m-->[39m [37mPOST[39m [37m/wd/hub/session/36f3cac7-dc77-4d3d-8d5c-3e13391846d8/timeouts[39m
[38;5;0m[HTTP][0m [90m{"implicit":30000}[39m
[38;5;0m[HTTP][0m [37m<-- POST /wd/hub/session/36f3cac7-dc77-4d3d-8d5c-3e13391846d8/timeouts [39m[32m200[39m [90m1 ms - 14[39m
[38;5;0m[HTTP][0m [90m[39m
[38;5;0m[HTTP][0m [37m-->[39m [37mPOST[39m [37m/wd/hub/session/36f3cac7-dc77-4d3d-8d5c-3e13391846d8/element/00000000-0000-07bb-ffff-ffff00000134/click[39m
[38;5;0m[HTTP][0m [90m{"id":"00000000-0000-07bb-ffff-ffff00000134"}[39m
[38;5;0m[HTTP][0m [37m<-- POST /wd/hub/session/36f3cac7-dc77-4d3d-8d5c-3e13391846d8/element/00000000-0000-07bb-ffff-ffff00000134/click [39m[32m200[39m [90m579 ms - 14[39m
[38;5;0m[HTTP][0m [90m[39m
[38;5;0m[HTTP][0m [37m-->[39m [37mPOST[39m [37m/wd/hub/session/36f3cac7-dc77-4d3d-8d5c-3e13391846d8/timeouts[39m
[38;5;0m[HTTP][0m [90m{"implicit":50}[39m
[38;5;0m[HTTP][0m [37m<-- POST /wd/hub/session/36f3cac7-dc77-4d3d-8d5c-3e13391846d8/timeouts [39m[32m200[39m [90m1 ms - 14[39m
[38;5;0m[HTTP][0m [90m[39m
[38;5;0m[HTTP][0m [37m-->[39m [37mGET[39m [37m/wd/hub/session/36f3cac7-dc77-4d3d-8d5c-3e13391846d8/window/rect[39m
[38;5;0m[HTTP][0m [90m{}[39m
[38;5;0m[HTTP][0m [37m<-- GET /wd/hub/session/36f3cac7-dc77-4d3d-8d5c-3e13391846d8/window/rect [39m[32m200[39m [90m43 ms - 50[39m
[38;5;0m[HTTP][0m [90m[39m
[38;5;0m[HTTP][0m [37m-->[39m [37mPOST[39m [37m/wd/hub/session/36f3cac7-dc77-4d3d-8d5c-3e13391846d8/elements[39m
[38;5;0m[HTTP][0m [90m{"using":"xpath","value":"//hierarchy/android.widget.FrameLayout[1]/android.widget.LinearLayout[1]/android.widget.FrameLayout[1]/android.widget.LinearLayout[1]/android.widget.FrameLayout[1]/android.widget.RelativeLayout[1]/android.widget.LinearLayout[2]/android.widget.ImageView[2]"}[39m
[38;5;0m[HTTP][0m [37m<-- POST /wd/hub/session/36f3cac7-dc77-4d3d-8d5c-3e13391846d8/elements [39m[32m200[39m [90m253 ms - 139[39m
[38;5;0m[HTTP][0m [90m[39m
[38;5;0m[HTTP][0m [37m-->[39m [37mGET[39m [37m/wd/hub/session/36f3cac7-dc77-4d3d-8d5c-3e13391846d8/element/00000000-0000-07bb-ffff-ffff00000134/location[39m
[38;5;0m[HTTP][0m [90m{}[39m
[38;5;48m[AndroidUiautomator2Driver@f943 (36f3cac7)][0m Driver proxy active, passing request on via HTTP proxy
[38;5;48m[AndroidUiautomator2Driver@f943 (36f3cac7)][0m Replacing sessionId c8e0691b-4c45-4e7c-bda0-b728b326d3bf with 36f3cac7-dc77-4d3d-8d5c-3e13391846d8
[38;5;0m[HTTP][0m [37m<-- GET /wd/hub/session/36f3cac7-dc77-4d3d-8d5c-3e13391846d8/element/00000000-0000-07bb-ffff-ffff00000134/location [39m[32m200[39m [90m27 ms - 78[39m
[38;5;0m[HTTP][0m [90m[39m
[38;5;0m[HTTP][0m [37m-->[39m [37mPOST[39m [37m/wd/hub/session/36f3cac7-dc77-4d3d-8d5c-3e13391846d8/timeouts[39m
[38;5;0m[HTTP][0m [90m{"implicit":30000}[39m
[38;5;0m[HTTP][0m [37m<-- POST /wd/hub/session/36f3cac7-dc77-4d3d-8d5c-3e13391846d8/timeouts [39m[32m200[39m [90m1 ms - 14[39m
[38;5;0m[HTTP][0m [90m[39m
[38;5;0m[HTTP][0m [37m-->[39m [37mPOST[39m [37m/wd/hub/session/36f3cac7-dc77-4d3d-8d5c-3e13391846d8/element/00000000-0000-07bb-ffff-ffff00000134/click[39m
[38;5;0m[HTTP][0m [90m{"id":"00000000-0000-07bb-ffff-ffff00000134"}[39m
[38;5;0m[HTTP][0m [37m<-- POST /wd/hub/session/36f3cac7-dc77-4d3d-8d5c-3e13391846d8/element/00000000-0000-07bb-ffff-ffff00000134/click [39m[32m200[39m [90m61 ms - 14[39m
[38;5;0m[HTTP][0m [90m[39m
[38;5;0m[HTTP][0m [37m-->[39m [37mPOST[39m [37m/wd/hub/session/36f3cac7-dc77-4d3d-8d5c-3e13391846d8/timeouts[39m
[38;5;0m[HTTP][0m [90m{"implicit":50}[39m
[38;5;0m[HTTP][0m [37m<-- POST /wd/hub/session/36f3cac7-dc77-4d3d-8d5c-3e13391846d8/timeouts [39m[32m200[39m [90m1 ms - 14[39m
[38;5;0m[HTTP][0m [90m[39m
[38;5;0m[HTTP][0m [37m-->[39m [37mGET[39m [37m/wd/hub/session/36f3cac7-dc77-4d3d-8d5c-3e13391846d8/window/rect[39m
[38;5;0m[HTTP][0m [90m{}[39m
[38;5;0m[HTTP][0m [37m<-- GET /wd/hub/session/36f3cac7-dc77-4d3d-8d5c-3e13391846d8/window/rect [39m[32m200[39m [90m10 ms - 50[39m
[38;5;0m[HTTP][0m [90m[39m
[38;5;0m[HTTP][0m [37m-->[39m [37mPOST[39m [37m/wd/hub/session/36f3cac7-dc77-4d3d-8d5c-3e13391846d8/elements[39m
[38;5;0m[HTTP][0m [90m{"using":"xpath","value":"//*[@class = 'android.widget.TextView' and (@text = 'APPLY' or . = 'APPLY') and @resource-id = 'com.Advantage.aShopping:id/textViewApply']"}[39m
[38;5;0m[HTTP][0m [37m<-- POST /wd/hub/session/36f3cac7-dc77-4d3d-8d5c-3e13391846d8/elements [39m[32m200[39m [90m887 ms - 139[39m
[38;5;0m[HTTP][0m [90m[39m
[38;5;0m[HTTP][0m [37m-->[39m [37mGET[39m [37m/wd/hub/session/36f3cac7-dc77-4d3d-8d5c-3e13391846d8/element/00000000-0000-07bb-ffff-ffff0000012c/location[39m
[38;5;0m[HTTP][0m [90m{}[39m
[38;5;48m[AndroidUiautomator2Driver@f943 (36f3cac7)][0m Driver proxy active, passing request on via HTTP proxy
[38;5;48m[AndroidUiautomator2Driver@f943 (36f3cac7)][0m Replacing sessionId c8e0691b-4c45-4e7c-bda0-b728b326d3bf with 36f3cac7-dc77-4d3d-8d5c-3e13391846d8
[38;5;0m[HTTP][0m [37m<-- GET /wd/hub/session/36f3cac7-dc77-4d3d-8d5c-3e13391846d8/element/00000000-0000-07bb-ffff-ffff0000012c/location [39m[32m200[39m [90m40 ms - 78[39m
[38;5;0m[HTTP][0m [90m[39m
[38;5;0m[HTTP][0m [37m-->[39m [37mPOST[39m [37m/wd/hub/session/36f3cac7-dc77-4d3d-8d5c-3e13391846d8/timeouts[39m
[38;5;0m[HTTP][0m [90m{"implicit":30000}[39m
[38;5;0m[HTTP][0m [37m<-- POST /wd/hub/session/36f3cac7-dc77-4d3d-8d5c-3e13391846d8/timeouts [39m[32m200[39m [90m1 ms - 14[39m
[38;5;0m[HTTP][0m [90m[39m
[38;5;0m[HTTP][0m [37m-->[39m [37mPOST[39m [37m/wd/hub/session/36f3cac7-dc77-4d3d-8d5c-3e13391846d8/element/00000000-0000-07bb-ffff-ffff0000012c/click[39m
[38;5;0m[HTTP][0m [90m{"id":"00000000-0000-07bb-ffff-ffff0000012c"}[39m
[38;5;0m[HTTP][0m [37m<-- POST /wd/hub/session/36f3cac7-dc77-4d3d-8d5c-3e13391846d8/element/00000000-0000-07bb-ffff-ffff0000012c/click [39m[32m200[39m [90m1290 ms - 14[39m
[38;5;0m[HTTP][0m [90m[39m
[38;5;0m[HTTP][0m [37m-->[39m [37mPOST[39m [37m/wd/hub/session/36f3cac7-dc77-4d3d-8d5c-3e13391846d8/timeouts[39m
[38;5;0m[HTTP][0m [90m{"implicit":50}[39m
[38;5;0m[HTTP][0m [37m<-- POST /wd/hub/session/36f3cac7-dc77-4d3d-8d5c-3e13391846d8/timeouts [39m[32m200[39m [90m1 ms - 14[39m
[38;5;0m[HTTP][0m [90m[39m
[38;5;0m[HTTP][0m [37m-->[39m [37mGET[39m [37m/wd/hub/session/36f3cac7-dc77-4d3d-8d5c-3e13391846d8/window/rect[39m
[38;5;0m[HTTP][0m [90m{}[39m
[38;5;0m[HTTP][0m [37m<-- GET /wd/hub/session/36f3cac7-dc77-4d3d-8d5c-3e13391846d8/window/rect [39m[32m200[39m [90m55 ms - 50[39m
[38;5;0m[HTTP][0m [90m[39m
[38;5;0m[HTTP][0m [37m-->[39m [37mPOST[39m [37m/wd/hub/session/36f3cac7-dc77-4d3d-8d5c-3e13391846d8/elements[39m
[38;5;0m[HTTP][0m [90m{"using":"xpath","value":"//*[@class = 'android.widget.Button' and (@text = 'ADD TO CART' or . = 'ADD TO CART') and @resource-id = 'com.Advantage.aShopping:id/buttonProductAddToCart']"}[39m
[38;5;0m[HTTP][0m [37m<-- POST /wd/hub/session/36f3cac7-dc77-4d3d-8d5c-3e13391846d8/elements [39m[32m200[39m [90m812 ms - 139[39m
[38;5;0m[HTTP][0m [90m[39m
[38;5;0m[HTTP][0m [37m-->[39m [37mGET[39m [37m/wd/hub/session/36f3cac7-dc77-4d3d-8d5c-3e13391846d8/element/00000000-0000-07ba-ffff-ffff0000011c/location[39m
[38;5;0m[HTTP][0m [90m{}[39m
[38;5;48m[AndroidUiautomator2Driver@f943 (36f3cac7)][0m Driver proxy active, passing request on via HTTP proxy
[38;5;48m[AndroidUiautomator2Driver@f943 (36f3cac7)][0m Replacing sessionId c8e0691b-4c45-4e7c-bda0-b728b326d3bf with 36f3cac7-dc77-4d3d-8d5c-3e13391846d8
[38;5;0m[HTTP][0m [37m<-- GET /wd/hub/session/36f3cac7-dc77-4d3d-8d5c-3e13391846d8/element/00000000-0000-07ba-ffff-ffff0000011c/location [39m[32m200[39m [90m503 ms - 77[39m
[38;5;0m[HTTP][0m [90m[39m
[38;5;0m[HTTP][0m [37m-->[39m [37mPOST[39m [37m/wd/hub/session/36f3cac7-dc77-4d3d-8d5c-3e13391846d8/timeouts[39m
[38;5;0m[HTTP][0m [90m{"implicit":30000}[39m
[38;5;0m[HTTP][0m [37m<-- POST /wd/hub/session/36f3cac7-dc77-4d3d-8d5c-3e13391846d8/timeouts [39m[32m200[39m [90m1 ms - 14[39m
[38;5;0m[HTTP][0m [90m[39m
[38;5;0m[HTTP][0m [37m-->[39m [37mPOST[39m [37m/wd/hub/session/36f3cac7-dc77-4d3d-8d5c-3e13391846d8/element/00000000-0000-07ba-ffff-ffff0000011c/click[39m
[38;5;0m[HTTP][0m [90m{"id":"00000000-0000-07ba-ffff-ffff0000011c"}[39m
[38;5;0m[HTTP][0m [37m<-- POST /wd/hub/session/36f3cac7-dc77-4d3d-8d5c-3e13391846d8/element/00000000-0000-07ba-ffff-ffff0000011c/click [39m[32m200[39m [90m55 ms - 14[39m
[38;5;0m[HTTP][0m [90m[39m
[38;5;0m[HTTP][0m [37m-->[39m [37mPOST[39m [37m/wd/hub/session/36f3cac7-dc77-4d3d-8d5c-3e13391846d8/timeouts[39m
[38;5;0m[HTTP][0m [90m{"implicit":50}[39m
[38;5;0m[HTTP][0m [37m<-- POST /wd/hub/session/36f3cac7-dc77-4d3d-8d5c-3e13391846d8/timeouts [39m[32m200[39m [90m1 ms - 14[39m
[38;5;0m[HTTP][0m [90m[39m
[38;5;0m[HTTP][0m [37m-->[39m [37mGET[39m [37m/wd/hub/session/36f3cac7-dc77-4d3d-8d5c-3e13391846d8/window/rect[39m
[38;5;0m[HTTP][0m [90m{}[39m
[38;5;0m[HTTP][0m [37m<-- GET /wd/hub/session/36f3cac7-dc77-4d3d-8d5c-3e13391846d8/window/rect [39m[32m200[39m [90m10 ms - 50[39m
[38;5;0m[HTTP][0m [90m[39m
[38;5;0m[HTTP][0m [37m-->[39m [37mPOST[39m [37m/wd/hub/session/36f3cac7-dc77-4d3d-8d5c-3e13391846d8/elements[39m
[38;5;0m[HTTP][0m [90m{"using":"xpath","value":"//*[@class = 'android.widget.ImageView' and @resource-id = 'com.Advantage.aShopping:id/imageViewCart' and (@text = '' or . = '')]"}[39m
[38;5;0m[HTTP][0m [37m<-- POST /wd/hub/session/36f3cac7-dc77-4d3d-8d5c-3e13391846d8/elements [39m[32m200[39m [90m159 ms - 12[39m
[38;5;0m[HTTP][0m [90m[39m
[38;5;0m[HTTP][0m [37m-->[39m [37mPOST[39m [37m/wd/hub/session/36f3cac7-dc77-4d3d-8d5c-3e13391846d8/elements[39m
[38;5;0m[HTTP][0m [90m{"using":"xpath","value":"//*[@class = 'android.widget.ImageView' and @resource-id = 'com.Advantage.aShopping:id/imageViewCart' and (@text = '' or . = '')]"}[39m
[38;5;0m[HTTP][0m [37m<-- POST /wd/hub/session/36f3cac7-dc77-4d3d-8d5c-3e13391846d8/elements [39m[32m200[39m [90m908 ms - 12[39m
[38;5;0m[HTTP][0m [90m[39m
[38;5;0m[HTTP][0m [37m-->[39m [37mPOST[39m [37m/wd/hub/session/36f3cac7-dc77-4d3d-8d5c-3e13391846d8/elements[39m
[38;5;0m[HTTP][0m [90m{"using":"xpath","value":"//*[@class = 'android.widget.ImageView' and @resource-id = 'com.Advantage.aShopping:id/imageViewCart' and (@text = '' or . = '')]"}[39m
[38;5;0m[HTTP][0m [37m<-- POST /wd/hub/session/36f3cac7-dc77-4d3d-8d5c-3e13391846d8/elements [39m[32m200[39m [90m851 ms - 139[39m
[38;5;0m[HTTP][0m [90m[39m
[38;5;0m[HTTP][0m [37m-->[39m [37mGET[39m [37m/wd/hub/session/36f3cac7-dc77-4d3d-8d5c-3e13391846d8/element/00000000-0000-07ba-ffff-ffff000000f5/location[39m
[38;5;0m[HTTP][0m [90m{}[39m
[38;5;48m[AndroidUiautomator2Driver@f943 (36f3cac7)][0m Driver proxy active, passing request on via HTTP proxy
[38;5;48m[AndroidUiautomator2Driver@f943 (36f3cac7)][0m Replacing sessionId c8e0691b-4c45-4e7c-bda0-b728b326d3bf with 36f3cac7-dc77-4d3d-8d5c-3e13391846d8
[38;5;0m[HTTP][0m [37m<-- GET /wd/hub/session/36f3cac7-dc77-4d3d-8d5c-3e13391846d8/element/00000000-0000-07ba-ffff-ffff000000f5/location [39m[32m200[39m [90m24 ms - 77[39m
[38;5;0m[HTTP][0m [90m[39m
[38;5;0m[HTTP][0m [37m-->[39m [37mPOST[39m [37m/wd/hub/session/36f3cac7-dc77-4d3d-8d5c-3e13391846d8/timeouts[39m
[38;5;0m[HTTP][0m [90m{"implicit":30000}[39m
[38;5;0m[HTTP][0m [37m<-- POST /wd/hub/session/36f3cac7-dc77-4d3d-8d5c-3e13391846d8/timeouts [39m[32m200[39m [90m1 ms - 14[39m
[38;5;0m[HTTP][0m [90m[39m
[38;5;0m[HTTP][0m [37m-->[39m [37mPOST[39m [37m/wd/hub/session/36f3cac7-dc77-4d3d-8d5c-3e13391846d8/element/00000000-0000-07ba-ffff-ffff000000f5/click[39m
[38;5;0m[HTTP][0m [90m{"id":"00000000-0000-07ba-ffff-ffff000000f5"}[39m
[38;5;0m[HTTP][0m [37m<-- POST /wd/hub/session/36f3cac7-dc77-4d3d-8d5c-3e13391846d8/element/00000000-0000-07ba-ffff-ffff000000f5/click [39m[32m200[39m [90m63 ms - 14[39m
[38;5;0m[HTTP][0m [90m[39m
[38;5;0m[HTTP][0m [37m-->[39m [37mPOST[39m [37m/wd/hub/session/36f3cac7-dc77-4d3d-8d5c-3e13391846d8/timeouts[39m
[38;5;0m[HTTP][0m [90m{"implicit":50}[39m
[38;5;0m[HTTP][0m [37m<-- POST /wd/hub/session/36f3cac7-dc77-4d3d-8d5c-3e13391846d8/timeouts [39m[32m200[39m [90m1 ms - 14[39m
[38;5;0m[HTTP][0m [90m[39m
[38;5;0m[HTTP][0m [37m-->[39m [37mGET[39m [37m/wd/hub/session/36f3cac7-dc77-4d3d-8d5c-3e13391846d8/window/rect[39m
[38;5;0m[HTTP][0m [90m{}[39m
[38;5;0m[HTTP][0m [37m<-- GET /wd/hub/session/36f3cac7-dc77-4d3d-8d5c-3e13391846d8/window/rect [39m[32m200[39m [90m9 ms - 50[39m
[38;5;0m[HTTP][0m [90m[39m
[38;5;0m[HTTP][0m [37m-->[39m [37mPOST[39m [37m/wd/hub/session/36f3cac7-dc77-4d3d-8d5c-3e13391846d8/elements[39m
[38;5;0m[HTTP][0m [90m{"using":"xpath","value":"//*[@class = 'android.widget.TextView' and (@text = 'Remove' or . = 'Remove') and @resource-id = 'com.Advantage.aShopping:id/textViewCartProductRemove']"}[39m
[38;5;0m[HTTP][0m [37m<-- POST /wd/hub/session/36f3cac7-dc77-4d3d-8d5c-3e13391846d8/elements [39m[32m200[39m [90m1676 ms - 139[39m
[38;5;0m[HTTP][0m [90m[39m
[38;5;0m[HTTP][0m [37m-->[39m [37mGET[39m [37m/wd/hub/session/36f3cac7-dc77-4d3d-8d5c-3e13391846d8/element/00000000-0000-07bd-ffff-ffff00000176/location[39m
[38;5;0m[HTTP][0m [90m{}[39m
[38;5;48m[AndroidUiautomator2Driver@f943 (36f3cac7)][0m Driver proxy active, passing request on via HTTP proxy
[38;5;48m[AndroidUiautomator2Driver@f943 (36f3cac7)][0m Replacing sessionId c8e0691b-4c45-4e7c-bda0-b728b326d3bf with 36f3cac7-dc77-4d3d-8d5c-3e13391846d8
[38;5;0m[HTTP][0m [37m<-- GET /wd/hub/session/36f3cac7-dc77-4d3d-8d5c-3e13391846d8/element/00000000-0000-07bd-ffff-ffff00000176/location [39m[32m200[39m [90m41 ms - 78[39m
[38;5;0m[HTTP][0m [90m[39m
[38;5;0m[HTTP][0m [37m-->[39m [37mPOST[39m [37m/wd/hub/session/36f3cac7-dc77-4d3d-8d5c-3e13391846d8/timeouts[39m
[38;5;0m[HTTP][0m [90m{"implicit":30000}[39m
[38;5;0m[HTTP][0m [37m<-- POST /wd/hub/session/36f3cac7-dc77-4d3d-8d5c-3e13391846d8/timeouts [39m[32m200[39m [90m1 ms - 14[39m
[38;5;0m[HTTP][0m [90m[39m
[38;5;0m[HTTP][0m [37m-->[39m [37mPOST[39m [37m/wd/hub/session/36f3cac7-dc77-4d3d-8d5c-3e13391846d8/element/00000000-0000-07bd-ffff-ffff00000176/click[39m
[38;5;0m[HTTP][0m [90m{"id":"00000000-0000-07bd-ffff-ffff00000176"}[39m
[38;5;0m[HTTP][0m [37m<-- POST /wd/hub/session/36f3cac7-dc77-4d3d-8d5c-3e13391846d8/element/00000000-0000-07bd-ffff-ffff00000176/click [39m[32m200[39m [90m80 ms - 14[39m
[38;5;0m[HTTP][0m [90m[39m
[38;5;0m[HTTP][0m [37m-->[39m [37mPOST[39m [37m/wd/hub/session/36f3cac7-dc77-4d3d-8d5c-3e13391846d8/timeouts[39m
[38;5;0m[HTTP][0m [90m{"implicit":50}[39m
[38;5;0m[HTTP][0m [37m<-- POST /wd/hub/session/36f3cac7-dc77-4d3d-8d5c-3e13391846d8/timeouts [39m[32m200[39m [90m1 ms - 14[39m
[38;5;0m[HTTP][0m [90m[39m
[38;5;0m[HTTP][0m [37m-->[39m [37mGET[39m [37m/wd/hub/session/36f3cac7-dc77-4d3d-8d5c-3e13391846d8/window/rect[39m
[38;5;0m[HTTP][0m [90m{}[39m
[38;5;0m[HTTP][0m [37m<-- GET /wd/hub/session/36f3cac7-dc77-4d3d-8d5c-3e13391846d8/window/rect [39m[32m200[39m [90m18 ms - 50[39m
[38;5;0m[HTTP][0m [90m[39m
[38;5;0m[HTTP][0m [37m-->[39m [37mPOST[39m [37m/wd/hub/session/36f3cac7-dc77-4d3d-8d5c-3e13391846d8/elements[39m
[38;5;0m[HTTP][0m [90m{"using":"xpath","value":"//*[@class = 'android.widget.TextView' and (@text = 'Shopping Cart (0) ' or . = 'Shopping Cart (0) ') and @resource-id = 'com.Advantage.aShopping:id/textViewShoppingCartTitle']"}[39m
[38;5;0m[HTTP][0m [37m<-- POST /wd/hub/session/36f3cac7-dc77-4d3d-8d5c-3e13391846d8/elements [39m[32m200[39m [90m151 ms - 12[39m
[38;5;0m[HTTP][0m [90m[39m
[38;5;0m[HTTP][0m [37m-->[39m [37mPOST[39m [37m/wd/hub/session/36f3cac7-dc77-4d3d-8d5c-3e13391846d8/elements[39m
[38;5;0m[HTTP][0m [90m{"using":"xpath","value":"//*[@class = 'android.widget.TextView' and (@text = 'Shopping Cart (0) ' or . = 'Shopping Cart (0) ') and @resource-id = 'com.Advantage.aShopping:id/textViewShoppingCartTitle']"}[39m
[38;5;0m[HTTP][0m [37m<-- POST /wd/hub/session/36f3cac7-dc77-4d3d-8d5c-3e13391846d8/elements [39m[32m200[39m [90m1520 ms - 139[39m
[38;5;0m[HTTP][0m [90m[39m
[38;5;0m[HTTP][0m [37m-->[39m [37mGET[39m [37m/wd/hub/session/36f3cac7-dc77-4d3d-8d5c-3e13391846d8/element/00000000-0000-07bd-ffff-ffff0000015e/location[39m
[38;5;0m[HTTP][0m [90m{}[39m
[38;5;48m[AndroidUiautomator2Driver@f943 (36f3cac7)][0m Driver proxy active, passing request on via HTTP proxy
[38;5;48m[AndroidUiautomator2Driver@f943 (36f3cac7)][0m Replacing sessionId c8e0691b-4c45-4e7c-bda0-b728b326d3bf with 36f3cac7-dc77-4d3d-8d5c-3e13391846d8
[38;5;0m[HTTP][0m [37m<-- GET /wd/hub/session/36f3cac7-dc77-4d3d-8d5c-3e13391846d8/element/00000000-0000-07bd-ffff-ffff0000015e/location [39m[32m200[39m [90m32 ms - 78[39m
[38;5;0m[HTTP][0m [90m[39m
[38;5;0m[HTTP][0m [37m-->[39m [37mPOST[39m [37m/wd/hub/session/36f3cac7-dc77-4d3d-8d5c-3e13391846d8/timeouts[39m
[38;5;0m[HTTP][0m [90m{"implicit":30000}[39m
[38;5;0m[HTTP][0m [37m<-- POST /wd/hub/session/36f3cac7-dc77-4d3d-8d5c-3e13391846d8/timeouts [39m[32m200[39m [90m1 ms - 14[39m
[38;5;0m[HTTP][0m [90m[39m
[38;5;0m[HTTP][0m [37m-->[39m [37mGET[39m [37m/wd/hub/session/36f3cac7-dc77-4d3d-8d5c-3e13391846d8/element/00000000-0000-07bd-ffff-ffff0000015e/text[39m
[38;5;0m[HTTP][0m [90m{}[39m
[38;5;48m[AndroidUiautomator2Driver@f943 (36f3cac7)][0m Driver proxy active, passing request on via HTTP proxy
[38;5;48m[AndroidUiautomator2Driver@f943 (36f3cac7)][0m Replacing sessionId c8e0691b-4c45-4e7c-bda0-b728b326d3bf with 36f3cac7-dc77-4d3d-8d5c-3e13391846d8
[38;5;0m[HTTP][0m [37m<-- GET /wd/hub/session/36f3cac7-dc77-4d3d-8d5c-3e13391846d8/element/00000000-0000-07bd-ffff-ffff0000015e/text [39m[32m200[39m [90m38 ms - 81[39m
[38;5;0m[HTTP][0m [90m[39m
[38;5;0m[HTTP][0m [37m-->[39m [37mDELETE[39m [37m/wd/hub/session/36f3cac7-dc77-4d3d-8d5c-3e13391846d8[39m
[38;5;0m[HTTP][0m [90m{}[39m
[38;5;16m[AppiumDriver@53d5][0m Removing session 36f3cac7-dc77-4d3d-8d5c-3e13391846d8 from our master session list
[38;5;64m[ADB][0m com.Advantage.aShopping was successfully uninstalled
[38;5;48m[AndroidUiautomator2Driver@f943 (36f3cac7)][0m Restoring hidden api policy to the device default configuration
[38;5;0m[HTTP][0m [37m<-- DELETE /wd/hub/session/36f3cac7-dc77-4d3d-8d5c-3e13391846d8 [39m[32m200[39m [90m1626 ms - 14[39m
[38;5;0m[HTTP][0m [90m[39m
